TN:
SF:contracts/Auction.sol
FN:29,Auction.initialize
FNDA:1,Auction.initialize
DA:30,1
DA:31,1
DA:33,1
DA:34,1
DA:35,1
DA:37,1
DA:38,1
DA:39,1
DA:40,1
DA:42,1
DA:43,1
DA:44,1
DA:45,1
FN:48,Auction.createLot
FNDA:3331,Auction.createLot
DA:49,3331
DA:50,3331
DA:51,3331
DA:53,3331
DA:55,3331
BRDA:55,0,0,-
BRDA:55,0,1,3074
DA:56,0
DA:58,3074
FN:61,Auction.addBid
FNDA:3840,Auction.addBid
DA:63,3840
BRDA:63,1,0,61
BRDA:63,1,1,3779
DA:65,3779
DA:66,3779
BRDA:66,2,0,256
BRDA:66,2,1,3523
DA:68,3523
DA:70,3523
BRDA:70,3,0,451
BRDA:70,3,1,3072
DA:72,3072
DA:73,3072
DA:74,3072
DA:76,3072
FN:79,Auction.claimSD
FNDA:1280,Auction.claimSD
DA:80,1280
DA:81,1280
BRDA:81,4,0,512
BRDA:81,4,1,768
DA:82,768
BRDA:82,5,0,256
BRDA:82,5,1,512
DA:83,512
BRDA:83,6,0,256
BRDA:83,6,1,256
DA:85,256
DA:86,256
BRDA:86,7,0,-
BRDA:86,7,1,256
DA:87,0
DA:89,256
FN:92,Auction.transferHighestBidToSSPM
FNDA:1280,Auction.transferHighestBidToSSPM
DA:93,1280
DA:94,1280
DA:96,1280
BRDA:96,8,0,659
BRDA:96,8,1,621
DA:97,621
BRDA:97,9,0,109
BRDA:97,9,1,512
DA:98,512
BRDA:98,10,0,256
BRDA:98,10,1,256
DA:100,256
DA:101,256
DA:102,256
FN:105,Auction.extractNonBidSD
FNDA:1280,Auction.extractNonBidSD
DA:106,1280
DA:107,1280
BRDA:107,11,0,512
BRDA:107,11,1,768
DA:108,768
BRDA:108,12,0,256
BRDA:108,12,1,512
DA:109,512
BRDA:109,13,0,256
BRDA:109,13,1,256
DA:111,256
DA:112,256
DA:113,256
BRDA:113,14,0,-
BRDA:113,14,1,256
DA:114,0
DA:116,256
FN:119,Auction.withdrawUnselectedBid
FNDA:1280,Auction.withdrawUnselectedBid
DA:120,1280
DA:121,1280
BRDA:121,15,0,512
BRDA:121,15,1,768
DA:122,768
BRDA:122,16,0,256
BRDA:122,16,1,512
DA:124,512
DA:125,512
BRDA:125,17,0,256
BRDA:125,17,1,256
DA:127,256
DA:130,256
DA:131,256
BRDA:131,18,0,-
BRDA:131,18,1,256
DA:133,256
FN:137,Auction.updateStaderConfig
FNDA:1,Auction.updateStaderConfig
DA:138,1
DA:139,1
DA:140,1
FN:143,Auction.updateDuration
FNDA:512,Auction.updateDuration
DA:144,512
DA:145,512
BRDA:145,19,0,256
BRDA:145,19,1,256
DA:146,256
DA:147,256
FN:150,Auction.updateBidIncrement
FNDA:256,Auction.updateBidIncrement
DA:151,256
DA:152,256
DA:153,256
FNF:10
FNH:10
LF:73
LH:70
BRF:40
BRH:36
end_of_record
TN:
SF:contracts/ETHx.sol
FN:27,ETHx.initialize
FNDA:0,ETHx.initialize
DA:28,0
DA:29,0
DA:31,0
DA:32,0
DA:33,0
DA:35,0
DA:36,0
FN:44,ETHx.mint
FNDA:0,ETHx.mint
DA:45,0
FN:53,ETHx.burnFrom
FNDA:0,ETHx.burnFrom
DA:54,0
FN:61,ETHx.pause
FNDA:0,ETHx.pause
DA:62,0
DA:63,0
FN:70,ETHx.unpause
FNDA:0,ETHx.unpause
DA:71,0
FN:74,ETHx._beforeTokenTransfer
FNDA:0,ETHx._beforeTokenTransfer
DA:79,0
FNF:6
FNH:0
LF:13
LH:0
BRF:0
BRH:0
end_of_record
TN:
SF:contracts/NodeELRewardVault.sol
FN:24,NodeELRewardVault.initialize
FNDA:512,NodeELRewardVault.initialize
DA:29,512
DA:31,512
DA:32,512
DA:34,512
DA:35,512
DA:36,512
DA:38,512
DA:39,512
FN:50,NodeELRewardVault.withdraw
FNDA:0,NodeELRewardVault.withdraw
DA:51,0
DA:52,0
BRDA:52,0,0,-
BRDA:52,0,1,-
DA:53,0
DA:55,0
DA:59,0
DA:60,0
DA:63,0
DA:64,0
BRDA:64,1,0,-
BRDA:64,1,1,-
DA:65,0
DA:68,0
DA:70,0
DA:71,0
BRDA:71,2,0,-
BRDA:71,2,1,-
DA:72,0
DA:75,0
FN:79,NodeELRewardVault.updateStaderConfig
FNDA:0,NodeELRewardVault.updateStaderConfig
DA:80,0
DA:81,0
DA:82,0
FNF:3
FNH:1
LF:25
LH:8
BRF:6
BRH:0
end_of_record
TN:
SF:contracts/Penalty.sol
FN:31,Penalty.initialize
FNDA:0,Penalty.initialize
DA:36,0
DA:37,0
DA:38,0
DA:39,0
DA:40,0
DA:42,0
DA:43,0
DA:44,0
DA:45,0
DA:46,0
DA:47,0
DA:49,0
FN:53,Penalty.setAdditionalPenaltyAmount
FNDA:0,Penalty.setAdditionalPenaltyAmount
DA:54,0
DA:55,0
DA:56,0
DA:58,0
FN:62,Penalty.updateMEVTheftPenaltyPerStrike
FNDA:0,Penalty.updateMEVTheftPenaltyPerStrike
DA:63,0
DA:64,0
DA:65,0
FN:69,Penalty.updateMissedAttestationPenaltyPerStrike
FNDA:0,Penalty.updateMissedAttestationPenaltyPerStrike
DA:70,0
DA:71,0
DA:72,0
FN:76,Penalty.updateValidatorExitPenaltyThreshold
FNDA:0,Penalty.updateValidatorExitPenaltyThreshold
DA:77,0
DA:78,0
DA:79,0
FN:83,Penalty.updateRatedOracleAddress
FNDA:0,Penalty.updateRatedOracleAddress
DA:84,0
DA:85,0
DA:86,0
DA:87,0
FN:91,Penalty.updateStaderConfig
FNDA:0,Penalty.updateStaderConfig
DA:92,0
DA:93,0
DA:94,0
FN:98,Penalty.updateTotalPenaltyAmount
FNDA:0,Penalty.updateTotalPenaltyAmount
DA:99,0
DA:100,0
DA:101,0
BRDA:101,0,0,-
BRDA:101,0,1,-
DA:102,0
DA:104,0
DA:106,0
DA:107,0
DA:111,0
DA:112,0
DA:113,0
BRDA:113,1,0,-
BRDA:113,1,1,-
DA:114,0
FN:120,Penalty.calculateMEVTheftPenalty
FNDA:0,Penalty.calculateMEVTheftPenalty
DA:122,0
DA:125,0
FN:129,Penalty.calculateMissedAttestationPenalty
FNDA:0,Penalty.calculateMissedAttestationPenalty
DA:130,0
FN:136,Penalty.getAdditionalPenaltyAmount
FNDA:0,Penalty.getAdditionalPenaltyAmount
DA:137,0
FN:141,Penalty.markValidatorSettled
FNDA:0,Penalty.markValidatorSettled
DA:142,0
DA:143,0
DA:144,0
FNF:12
FNH:0
LF:50
LH:0
BRF:4
BRH:0
end_of_record
TN:
SF:contracts/PermissionedNodeRegistry.sol
FN:65,PermissionedNodeRegistry.initialize
FNDA:0,PermissionedNodeRegistry.initialize
DA:66,0
DA:67,0
DA:68,0
DA:69,0
DA:70,0
DA:71,0
DA:72,0
DA:73,0
DA:74,0
DA:75,0
DA:76,0
DA:77,0
DA:78,0
DA:79,0
FN:87,PermissionedNodeRegistry.whitelistPermissionedNOs
FNDA:0,PermissionedNodeRegistry.whitelistPermissionedNOs
DA:88,0
DA:89,0
DA:90,0
DA:91,0
DA:92,0
DA:93,0
DA:94,0
FN:105,PermissionedNodeRegistry.onboardNodeOperator
FNDA:0,PermissionedNodeRegistry.onboardNodeOperator
DA:111,0
DA:112,0
DA:113,0
DA:114,0
BRDA:114,0,0,-
BRDA:114,0,1,-
DA:115,0
DA:117,0
BRDA:117,1,0,-
BRDA:117,1,1,-
DA:118,0
DA:121,0
BRDA:121,2,0,-
BRDA:121,2,1,-
DA:122,0
DA:124,0
DA:125,0
DA:126,0
FN:136,PermissionedNodeRegistry.addValidatorKeys
FNDA:0,PermissionedNodeRegistry.addValidatorKeys
DA:141,0
DA:142,0
DA:149,0
DA:150,0
DA:151,0
DA:152,0
DA:153,0
DA:159,0
DA:169,0
DA:170,0
DA:171,0
DA:172,0
FN:185,PermissionedNodeRegistry.allocateValidatorsAndUpdateOperatorId
FNDA:0,PermissionedNodeRegistry.allocateValidatorsAndUpdateOperatorId
DA:190,0
DA:192,0
DA:194,0
DA:195,0
DA:196,0
DA:197,0
DA:198,0
BRDA:198,3,0,-
BRDA:198,3,1,-
DA:199,0
DA:200,0
BRDA:200,4,0,-
BRDA:200,4,1,-
DA:201,0
DA:203,0
DA:204,0
DA:205,0
DA:206,0
DA:212,0
BRDA:212,5,0,-
BRDA:212,5,1,-
DA:213,0
DA:214,0
DA:215,0
DA:231,0
BRDA:217,6,0,-
BRDA:217,6,1,-
BRDA:227,7,0,-
BRDA:227,7,1,-
FN:244,PermissionedNodeRegistry.markValidatorReadyToDeposit
FNDA:0,PermissionedNodeRegistry.markValidatorReadyToDeposit
DA:249,0
DA:250,0
DA:251,0
DA:252,0
DA:255,0
BRDA:254,8,0,-
BRDA:254,8,1,-
DA:258,0
DA:262,0
DA:263,0
DA:266,0
DA:267,0
DA:268,0
DA:272,0
DA:273,0
DA:276,0
DA:277,0
DA:278,0
DA:281,0
DA:282,0
DA:283,0
BRDA:283,9,0,-
BRDA:283,9,1,-
DA:284,0
DA:285,0
DA:287,0
FN:295,PermissionedNodeRegistry.withdrawnValidators
FNDA:0,PermissionedNodeRegistry.withdrawnValidators
DA:296,0
DA:297,0
DA:298,0
BRDA:298,10,0,-
BRDA:298,10,1,-
DA:299,0
DA:301,0
DA:302,0
DA:303,0
BRDA:303,11,0,-
BRDA:303,11,1,-
DA:304,0
DA:306,0
DA:307,0
DA:308,0
DA:309,0
DA:311,0
FN:319,PermissionedNodeRegistry.deactivateNodeOperator
FNDA:0,PermissionedNodeRegistry.deactivateNodeOperator
DA:320,0
DA:321,0
BRDA:321,12,0,-
BRDA:321,12,1,-
DA:322,0
DA:324,0
FN:332,PermissionedNodeRegistry.activateNodeOperator
FNDA:0,PermissionedNodeRegistry.activateNodeOperator
DA:333,0
DA:334,0
BRDA:334,13,0,-
BRDA:334,13,1,-
DA:335,0
DA:337,0
FN:346,PermissionedNodeRegistry.updateQueuedValidatorIndex
FNDA:0,PermissionedNodeRegistry.updateQueuedValidatorIndex
DA:347,0
DA:348,0
DA:349,0
FN:357,PermissionedNodeRegistry.updateDepositStatusAndBlock
FNDA:0,PermissionedNodeRegistry.updateDepositStatusAndBlock
DA:358,0
DA:359,0
DA:360,0
DA:361,0
FN:369,PermissionedNodeRegistry.markValidatorStatusAsPreDeposit
FNDA:0,PermissionedNodeRegistry.markValidatorStatusAsPreDeposit
DA:370,0
DA:371,0
DA:372,0
DA:373,0
FN:382,PermissionedNodeRegistry.updateOperatorDetails
FNDA:0,PermissionedNodeRegistry.updateOperatorDetails
DA:383,0
DA:384,0
DA:385,0
DA:386,0
DA:387,0
DA:388,0
DA:389,0
FN:397,PermissionedNodeRegistry.updateMaxNonTerminalKeyPerOperator
FNDA:0,PermissionedNodeRegistry.updateMaxNonTerminalKeyPerOperator
DA:398,0
DA:399,0
DA:400,0
FN:408,PermissionedNodeRegistry.updateInputKeyCountLimit
FNDA:0,PermissionedNodeRegistry.updateInputKeyCountLimit
DA:409,0
DA:410,0
DA:411,0
FN:419,PermissionedNodeRegistry.updateVerifiedKeysBatchSize
FNDA:0,PermissionedNodeRegistry.updateVerifiedKeysBatchSize
DA:420,0
DA:421,0
DA:422,0
FN:430,PermissionedNodeRegistry.updateMaxOperatorId
FNDA:0,PermissionedNodeRegistry.updateMaxOperatorId
DA:431,0
DA:432,0
DA:433,0
FN:440,PermissionedNodeRegistry.updateStaderConfig
FNDA:0,PermissionedNodeRegistry.updateStaderConfig
DA:441,0
DA:442,0
DA:443,0
FN:447,PermissionedNodeRegistry.getSocializingPoolStateChangeBlock
FNDA:0,PermissionedNodeRegistry.getSocializingPoolStateChangeBlock
DA:448,0
FN:456,PermissionedNodeRegistry.increaseTotalActiveValidatorCount
FNDA:0,PermissionedNodeRegistry.increaseTotalActiveValidatorCount
DA:457,0
DA:458,0
DA:459,0
FN:467,PermissionedNodeRegistry.getTotalQueuedValidatorCount
FNDA:0,PermissionedNodeRegistry.getTotalQueuedValidatorCount
DA:468,0
DA:469,0
DA:470,0
BRDA:470,14,0,-
BRDA:470,14,1,-
DA:471,0
DA:474,0
FN:482,PermissionedNodeRegistry.getTotalActiveValidatorCount
FNDA:0,PermissionedNodeRegistry.getTotalActiveValidatorCount
DA:483,0
FN:491,PermissionedNodeRegistry.getOperatorTotalKeys
FNDA:0,PermissionedNodeRegistry.getOperatorTotalKeys
DA:492,0
FN:500,PermissionedNodeRegistry.getOperatorTotalNonTerminalKeys
FNDA:0,PermissionedNodeRegistry.getOperatorTotalNonTerminalKeys
DA:505,0
BRDA:505,15,0,-
BRDA:505,15,1,-
DA:506,0
DA:508,0
DA:509,0
DA:510,0
DA:511,0
DA:512,0
DA:513,0
DA:514,0
BRDA:514,16,0,-
BRDA:514,16,1,-
DA:515,0
DA:518,0
FN:521,PermissionedNodeRegistry.getCollateralETH
FNDA:0,PermissionedNodeRegistry.getCollateralETH
DA:522,0
FN:529,PermissionedNodeRegistry.getOperatorRewardAddress
FNDA:0,PermissionedNodeRegistry.getOperatorRewardAddress
DA:530,0
FN:537,PermissionedNodeRegistry.pause
FNDA:0,PermissionedNodeRegistry.pause
DA:538,0
DA:539,0
FN:546,PermissionedNodeRegistry.unpause
FNDA:0,PermissionedNodeRegistry.unpause
DA:547,0
DA:548,0
FN:559,PermissionedNodeRegistry.getAllActiveValidators
FNDA:0,PermissionedNodeRegistry.getAllActiveValidators
DA:565,0
BRDA:565,17,0,-
BRDA:565,17,1,-
DA:566,0
DA:568,0
DA:569,0
DA:570,0
DA:571,0
DA:572,0
DA:573,0
DA:574,0
BRDA:574,18,0,-
BRDA:574,18,1,-
DA:575,0
DA:576,0
DA:584,0
FN:588,PermissionedNodeRegistry.isExistingPubkey
FNDA:0,PermissionedNodeRegistry.isExistingPubkey
DA:589,0
FN:593,PermissionedNodeRegistry.isExistingOperator
FNDA:0,PermissionedNodeRegistry.isExistingOperator
DA:594,0
FN:598,PermissionedNodeRegistry.onlyPreDepositValidator
FNDA:0,PermissionedNodeRegistry.onlyPreDepositValidator
DA:599,0
DA:600,0
FN:603,PermissionedNodeRegistry.onboardOperator
FNDA:0,PermissionedNodeRegistry.onboardOperator
DA:604,0
DA:605,0
DA:606,0
DA:607,0
DA:608,0
DA:609,0
FN:613,PermissionedNodeRegistry.handleFrontRun
FNDA:0,PermissionedNodeRegistry.handleFrontRun
DA:614,0
DA:615,0
DA:616,0
BRDA:616,19,0,-
BRDA:616,19,1,-
DA:617,0
FN:622,PermissionedNodeRegistry.getOperatorQueuedValidatorCount
FNDA:0,PermissionedNodeRegistry.getOperatorQueuedValidatorCount
DA:623,0
FN:629,PermissionedNodeRegistry.checkInputKeysCountAndCollateral
FNDA:0,PermissionedNodeRegistry.checkInputKeysCountAndCollateral
DA:635,0
BRDA:635,20,0,-
BRDA:635,20,1,-
DA:636,0
DA:638,0
DA:639,0
BRDA:639,21,0,-
BRDA:639,21,1,-
DA:640,0
DA:642,0
DA:643,0
DA:644,0
BRDA:644,22,0,-
BRDA:644,22,1,-
DA:645,0
DA:651,0
BRDA:650,23,0,-
BRDA:650,23,1,-
DA:657,0
FN:662,PermissionedNodeRegistry.onlyActiveOperator
FNDA:0,PermissionedNodeRegistry.onlyActiveOperator
DA:663,0
DA:664,0
BRDA:664,24,0,-
BRDA:664,24,1,-
DA:665,0
DA:667,0
BRDA:667,25,0,-
BRDA:667,25,1,-
DA:668,0
FN:674,PermissionedNodeRegistry.isActiveValidator
FNDA:0,PermissionedNodeRegistry.isActiveValidator
DA:675,0
DA:676,0
FN:684,PermissionedNodeRegistry.isNonTerminalValidator
FNDA:0,PermissionedNodeRegistry.isNonTerminalValidator
DA:685,0
DA:686,0
FN:693,PermissionedNodeRegistry.decreaseTotalActiveValidatorCount
FNDA:0,PermissionedNodeRegistry.decreaseTotalActiveValidatorCount
DA:694,0
DA:695,0
FN:698,PermissionedNodeRegistry.onlyPreDepositValidator
FNDA:0,PermissionedNodeRegistry.onlyPreDepositValidator
DA:699,0
BRDA:699,26,0,-
BRDA:699,26,1,-
DA:700,0
FN:704,PermissionedNodeRegistry.markValidatorDeposited
FNDA:0,PermissionedNodeRegistry.markValidatorDeposited
DA:705,0
FN:708,PermissionedNodeRegistry._deactivateNodeOperator
FNDA:0,PermissionedNodeRegistry._deactivateNodeOperator
DA:709,0
DA:710,0
DA:711,0
FN:714,PermissionedNodeRegistry._activateNodeOperator
FNDA:0,PermissionedNodeRegistry._activateNodeOperator
DA:715,0
DA:716,0
DA:717,0
FNF:44
FNH:0
LF:226
LH:0
BRF:54
BRH:0
end_of_record
TN:
SF:contracts/PermissionedPool.sol
FN:42,PermissionedPool.initialize
FNDA:0,PermissionedPool.initialize
DA:43,0
DA:44,0
DA:45,0
DA:46,0
DA:47,0
DA:48,0
FN:57,PermissionedPool.
FNDA:0,PermissionedPool.
DA:58,0
FN:61,PermissionedPool.receiveInsuranceFund
FNDA:0,PermissionedPool.receiveInsuranceFund
DA:62,0
DA:63,0
FN:67,PermissionedPool.transferETHOfDefectiveKeysToSSPM
FNDA:0,PermissionedPool.transferETHOfDefectiveKeysToSSPM
DA:68,0
DA:70,0
DA:72,0
DA:77,0
DA:79,0
DA:82,0
FN:89,PermissionedPool.stakeUserETHToBeaconChain
FNDA:0,PermissionedPool.stakeUserETHToBeaconChain
DA:90,0
DA:91,0
DA:92,0
DA:93,0
DA:94,0
DA:95,0
DA:99,0
DA:100,0
DA:101,0
DA:102,0
BRDA:102,0,0,-
BRDA:102,0,1,-
DA:103,0
DA:105,0
DA:106,0
DA:110,0
DA:111,0
DA:112,0
DA:114,0
DA:115,0
DA:117,0
DA:122,0
FN:126,PermissionedPool.fullDepositOnBeaconChain
FNDA:0,PermissionedPool.fullDepositOnBeaconChain
DA:127,0
DA:128,0
DA:129,0
DA:130,0
DA:131,0
DA:133,0
DA:134,0
DA:135,0
DA:136,0
DA:137,0
DA:140,0
DA:143,0
DA:144,0
DA:152,0
DA:158,0
DA:159,0
FN:167,PermissionedPool.transferExcessETHToSSPM
FNDA:0,PermissionedPool.transferExcessETHToSSPM
DA:168,0
BRDA:168,1,0,-
BRDA:168,1,1,-
DA:169,0
DA:171,0
FN:179,PermissionedPool.getTotalQueuedValidatorCount
FNDA:0,PermissionedPool.getTotalQueuedValidatorCount
DA:180,0
FN:186,PermissionedPool.getTotalActiveValidatorCount
FNDA:0,PermissionedPool.getTotalActiveValidatorCount
DA:187,0
FN:193,PermissionedPool.getOperatorTotalNonTerminalKeys
FNDA:0,PermissionedPool.getOperatorTotalNonTerminalKeys
DA:198,0
FN:207,PermissionedPool.getSocializingPoolAddress
FNDA:0,PermissionedPool.getSocializingPoolAddress
DA:208,0
FN:211,PermissionedPool.getCollateralETH
FNDA:0,PermissionedPool.getCollateralETH
DA:212,0
FN:215,PermissionedPool.getNodeRegistry
FNDA:0,PermissionedPool.getNodeRegistry
DA:216,0
FN:220,PermissionedPool.isExistingPubkey
FNDA:0,PermissionedPool.isExistingPubkey
DA:221,0
FN:225,PermissionedPool.isExistingOperator
FNDA:0,PermissionedPool.isExistingOperator
DA:226,0
FN:230,PermissionedPool.setCommissionFees
FNDA:0,PermissionedPool.setCommissionFees
DA:231,0
DA:232,0
BRDA:232,2,0,-
BRDA:232,2,1,-
DA:233,0
DA:235,0
BRDA:235,3,0,-
BRDA:235,3,1,-
DA:236,0
DA:238,0
BRDA:238,4,0,-
BRDA:238,4,1,-
DA:239,0
DA:242,0
DA:243,0
DA:245,0
FN:249,PermissionedPool.updateStaderConfig
FNDA:0,PermissionedPool.updateStaderConfig
DA:250,0
DA:251,0
DA:252,0
FN:257,PermissionedPool.computeDepositDataRoot
FNDA:0,PermissionedPool.computeDepositDataRoot
DA:263,0
DA:264,0
DA:265,0
DA:271,0
FN:280,PermissionedPool.increasePreDepositValidatorCount
FNDA:0,PermissionedPool.increasePreDepositValidatorCount
DA:281,0
FN:284,PermissionedPool.decreasePreDepositValidatorCount
FNDA:0,PermissionedPool.decreasePreDepositValidatorCount
DA:285,0
FN:289,PermissionedPool.preDepositOnBeaconChain
FNDA:0,PermissionedPool.preDepositOnBeaconChain
DA:295,0
DA:299,0
DA:302,0
DA:303,0
DA:311,0
DA:317,0
DA:318,0
FN:322,PermissionedPool.to_little_endian_64
FNDA:0,PermissionedPool.to_little_endian_64
DA:323,0
DA:325,0
DA:326,0
DA:328,0
DA:329,0
DA:330,0
DA:331,0
DA:332,0
DA:333,0
DA:334,0
DA:335,0
FNF:22
FNH:0
LF:99
LH:0
BRF:10
BRH:0
end_of_record
TN:
SF:contracts/PermissionlessNodeRegistry.sol
FN:64,PermissionlessNodeRegistry.initialize
FNDA:1,PermissionlessNodeRegistry.initialize
DA:65,1
DA:66,1
DA:67,1
DA:68,1
DA:69,1
DA:70,1
DA:71,1
DA:72,1
DA:73,1
DA:74,1
DA:75,1
DA:76,1
FN:87,PermissionlessNodeRegistry.onboardNodeOperator
FNDA:512,PermissionlessNodeRegistry.onboardNodeOperator
DA:92,512
DA:93,512
DA:94,512
DA:97,512
BRDA:97,0,0,-
BRDA:97,0,1,512
DA:98,0
DA:101,512
DA:102,512
DA:103,512
DA:104,512
DA:106,512
DA:107,512
FN:117,PermissionlessNodeRegistry.addValidatorKeys
FNDA:0,PermissionlessNodeRegistry.addValidatorKeys
DA:122,0
DA:123,0
DA:127,0
DA:128,0
DA:129,0
DA:130,0
DA:131,0
DA:137,0
DA:148,0
DA:149,0
DA:150,0
DA:151,0
DA:155,0
FN:169,PermissionlessNodeRegistry.markValidatorReadyToDeposit
FNDA:0,PermissionlessNodeRegistry.markValidatorReadyToDeposit
DA:174,0
DA:175,0
DA:176,0
DA:177,0
DA:179,0
BRDA:178,1,0,-
BRDA:178,1,1,-
DA:182,0
DA:184,0
DA:185,0
DA:186,0
DA:187,0
DA:188,0
DA:191,0
BRDA:191,2,0,-
BRDA:191,2,1,-
DA:192,0
DA:196,0
DA:197,0
DA:198,0
DA:199,0
DA:200,0
DA:203,0
DA:204,0
DA:205,0
DA:206,0
DA:207,0
FN:216,PermissionlessNodeRegistry.withdrawnValidators
FNDA:0,PermissionlessNodeRegistry.withdrawnValidators
DA:217,0
DA:218,0
DA:219,0
BRDA:219,3,0,-
BRDA:219,3,1,-
DA:220,0
DA:222,0
DA:223,0
DA:224,0
BRDA:224,4,0,-
BRDA:224,4,1,-
DA:225,0
DA:227,0
DA:228,0
DA:229,0
DA:231,0
DA:233,0
FN:241,PermissionlessNodeRegistry.updateNextQueuedValidatorIndex
FNDA:0,PermissionlessNodeRegistry.updateNextQueuedValidatorIndex
DA:242,0
DA:243,0
DA:244,0
FN:252,PermissionlessNodeRegistry.updateDepositStatusAndBlock
FNDA:0,PermissionlessNodeRegistry.updateDepositStatusAndBlock
DA:253,0
DA:254,0
DA:255,0
DA:256,0
FN:260,PermissionlessNodeRegistry.changeSocializingPoolState
FNDA:0,PermissionlessNodeRegistry.changeSocializingPoolState
DA:265,0
DA:266,0
BRDA:266,5,0,-
BRDA:266,5,1,-
DA:267,0
DA:271,0
BRDA:270,6,0,-
BRDA:270,6,1,-
DA:274,0
DA:276,0
DA:277,0
BRDA:277,7,0,-
BRDA:277,7,1,-
DA:278,0
BRDA:278,8,0,-
BRDA:278,8,1,-
DA:279,0
DA:281,0
DA:283,0
DA:284,0
DA:285,0
FN:289,PermissionlessNodeRegistry.getSocializingPoolStateChangeBlock
FNDA:0,PermissionlessNodeRegistry.getSocializingPoolStateChangeBlock
DA:290,0
FN:298,PermissionlessNodeRegistry.updateInputKeyCountLimit
FNDA:0,PermissionlessNodeRegistry.updateInputKeyCountLimit
DA:299,0
DA:300,0
DA:301,0
FN:309,PermissionlessNodeRegistry.updateMaxNonTerminalKeyPerOperator
FNDA:0,PermissionlessNodeRegistry.updateMaxNonTerminalKeyPerOperator
DA:310,0
DA:311,0
DA:312,0
FN:320,PermissionlessNodeRegistry.updateVerifiedKeysBatchSize
FNDA:0,PermissionlessNodeRegistry.updateVerifiedKeysBatchSize
DA:321,0
DA:322,0
DA:323,0
FN:327,PermissionlessNodeRegistry.updateStaderConfig
FNDA:0,PermissionlessNodeRegistry.updateStaderConfig
DA:328,0
DA:329,0
DA:330,0
FN:339,PermissionlessNodeRegistry.updateOperatorDetails
FNDA:0,PermissionlessNodeRegistry.updateOperatorDetails
DA:340,0
DA:341,0
DA:342,0
DA:343,0
DA:344,0
DA:345,0
DA:346,0
FN:354,PermissionlessNodeRegistry.increaseTotalActiveValidatorCount
FNDA:0,PermissionlessNodeRegistry.increaseTotalActiveValidatorCount
DA:355,0
DA:356,0
DA:357,0
FN:365,PermissionlessNodeRegistry.transferCollateralToPool
FNDA:0,PermissionlessNodeRegistry.transferCollateralToPool
DA:366,0
DA:367,0
DA:368,0
FN:376,PermissionlessNodeRegistry.getOperatorTotalNonTerminalKeys
FNDA:0,PermissionlessNodeRegistry.getOperatorTotalNonTerminalKeys
DA:382,0
BRDA:382,9,0,-
BRDA:382,9,1,-
DA:383,0
DA:385,0
DA:386,0
DA:387,0
DA:388,0
DA:389,0
DA:390,0
DA:391,0
BRDA:391,10,0,-
BRDA:391,10,1,-
DA:392,0
DA:395,0
FN:403,PermissionlessNodeRegistry.getOperatorTotalKeys
FNDA:0,PermissionlessNodeRegistry.getOperatorTotalKeys
DA:404,0
FN:411,PermissionlessNodeRegistry.getTotalQueuedValidatorCount
FNDA:0,PermissionlessNodeRegistry.getTotalQueuedValidatorCount
DA:412,0
FN:419,PermissionlessNodeRegistry.getTotalActiveValidatorCount
FNDA:0,PermissionlessNodeRegistry.getTotalActiveValidatorCount
DA:420,0
FN:423,PermissionlessNodeRegistry.getCollateralETH
FNDA:0,PermissionlessNodeRegistry.getCollateralETH
DA:424,0
FN:431,PermissionlessNodeRegistry.getOperatorRewardAddress
FNDA:0,PermissionlessNodeRegistry.getOperatorRewardAddress
DA:432,0
FN:439,PermissionlessNodeRegistry.pause
FNDA:0,PermissionlessNodeRegistry.pause
DA:440,0
DA:441,0
FN:448,PermissionlessNodeRegistry.unpause
FNDA:0,PermissionlessNodeRegistry.unpause
DA:449,0
DA:450,0
FN:461,PermissionlessNodeRegistry.getAllActiveValidators
FNDA:0,PermissionlessNodeRegistry.getAllActiveValidators
DA:467,0
BRDA:467,11,0,-
BRDA:467,11,1,-
DA:468,0
DA:470,0
DA:471,0
DA:472,0
DA:473,0
DA:474,0
DA:475,0
DA:476,0
BRDA:476,12,0,-
BRDA:476,12,1,-
DA:477,0
DA:478,0
DA:486,0
FN:497,PermissionlessNodeRegistry.getAllSocializingPoolOptOutOperators
FNDA:0,PermissionlessNodeRegistry.getAllSocializingPoolOptOutOperators
DA:503,0
BRDA:503,13,0,-
BRDA:503,13,1,-
DA:504,0
DA:506,0
DA:507,0
DA:508,0
DA:509,0
DA:510,0
DA:511,0
DA:512,0
BRDA:512,14,0,-
BRDA:512,14,1,-
DA:513,0
DA:514,0
DA:523,0
FN:527,PermissionlessNodeRegistry.isExistingPubkey
FNDA:0,PermissionlessNodeRegistry.isExistingPubkey
DA:528,0
FN:532,PermissionlessNodeRegistry.isExistingOperator
FNDA:0,PermissionlessNodeRegistry.isExistingOperator
DA:533,0
FN:536,PermissionlessNodeRegistry.onboardOperator
FNDA:512,PermissionlessNodeRegistry.onboardOperator
DA:541,512
DA:543,512
DA:544,512
DA:545,512
DA:547,512
FN:551,PermissionlessNodeRegistry.markKeyReadyToDeposit
FNDA:0,PermissionlessNodeRegistry.markKeyReadyToDeposit
DA:552,0
DA:553,0
DA:554,0
FN:558,PermissionlessNodeRegistry.handleFrontRun
FNDA:0,PermissionlessNodeRegistry.handleFrontRun
DA:559,0
DA:560,0
DA:561,0
FN:566,PermissionlessNodeRegistry.handleInvalidSignature
FNDA:0,PermissionlessNodeRegistry.handleInvalidSignature
DA:567,0
DA:568,0
DA:569,0
DA:570,0
FN:574,PermissionlessNodeRegistry.checkInputKeysCountAndCollateral
FNDA:0,PermissionlessNodeRegistry.checkInputKeysCountAndCollateral
DA:580,0
BRDA:580,15,0,-
BRDA:580,15,1,-
DA:581,0
DA:583,0
DA:584,0
BRDA:584,16,0,-
BRDA:584,16,1,-
DA:585,0
DA:588,0
DA:589,0
DA:590,0
BRDA:590,17,0,-
BRDA:590,17,1,-
DA:591,0
DA:595,0
BRDA:595,18,0,-
BRDA:595,18,1,-
DA:596,0
DA:600,0
BRDA:599,19,0,-
BRDA:599,19,1,-
DA:604,0
FN:608,PermissionlessNodeRegistry.sendValue
FNDA:0,PermissionlessNodeRegistry.sendValue
DA:609,0
BRDA:609,20,0,-
BRDA:609,20,1,-
DA:610,0
DA:614,0
DA:615,0
BRDA:615,21,0,-
BRDA:615,21,1,-
DA:616,0
FN:621,PermissionlessNodeRegistry.onlyActiveOperator
FNDA:0,PermissionlessNodeRegistry.onlyActiveOperator
DA:622,0
DA:623,0
BRDA:623,22,0,-
BRDA:623,22,1,-
DA:624,0
DA:626,0
BRDA:626,23,0,-
BRDA:626,23,1,-
DA:627,0
FN:632,PermissionlessNodeRegistry.isNonTerminalValidator
FNDA:0,PermissionlessNodeRegistry.isNonTerminalValidator
DA:633,0
DA:634,0
FN:642,PermissionlessNodeRegistry.isActiveValidator
FNDA:0,PermissionlessNodeRegistry.isActiveValidator
DA:643,0
DA:644,0
FN:652,PermissionlessNodeRegistry.decreaseTotalActiveValidatorCount
FNDA:0,PermissionlessNodeRegistry.decreaseTotalActiveValidatorCount
DA:653,0
DA:654,0
FN:657,PermissionlessNodeRegistry.onlyInitializedValidator
FNDA:0,PermissionlessNodeRegistry.onlyInitializedValidator
DA:658,0
BRDA:658,24,0,-
BRDA:658,24,1,-
DA:659,0
FN:663,PermissionlessNodeRegistry.markValidatorDeposited
FNDA:0,PermissionlessNodeRegistry.markValidatorDeposited
DA:664,0
FNF:40
FNH:3
LF:211
LH:27
BRF:50
BRH:1
end_of_record
TN:
SF:contracts/PermissionlessPool.sol
FN:39,PermissionlessPool.initialize
FNDA:0,PermissionlessPool.initialize
DA:40,0
DA:41,0
DA:42,0
DA:43,0
DA:44,0
DA:45,0
FN:54,PermissionlessPool.
FNDA:0,PermissionlessPool.
DA:55,0
FN:59,PermissionlessPool.receiveRemainingCollateralETH
FNDA:0,PermissionlessPool.receiveRemainingCollateralETH
DA:60,0
DA:61,0
FN:65,PermissionlessPool.setCommissionFees
FNDA:0,PermissionlessPool.setCommissionFees
DA:66,0
DA:67,0
BRDA:67,0,0,-
BRDA:67,0,1,-
DA:68,0
DA:70,0
BRDA:70,1,0,-
BRDA:70,1,1,-
DA:71,0
DA:73,0
BRDA:73,2,0,-
BRDA:73,2,1,-
DA:74,0
DA:77,0
DA:78,0
DA:80,0
FN:91,PermissionlessPool.preDepositOnBeaconChain
FNDA:0,PermissionlessPool.preDepositOnBeaconChain
DA:97,0
DA:98,0
DA:99,0
DA:100,0
DA:101,0
DA:106,0
DA:108,0
DA:115,0
DA:121,0
FN:129,PermissionlessPool.stakeUserETHToBeaconChain
FNDA:0,PermissionlessPool.stakeUserETHToBeaconChain
DA:130,0
DA:131,0
DA:132,0
DA:133,0
DA:137,0
DA:138,0
DA:139,0
DA:140,0
DA:141,0
DA:142,0
DA:150,0
DA:153,0
FN:157,PermissionlessPool.getSocializingPoolAddress
FNDA:0,PermissionlessPool.getSocializingPoolAddress
DA:158,0
FN:164,PermissionlessPool.getTotalQueuedValidatorCount
FNDA:0,PermissionlessPool.getTotalQueuedValidatorCount
DA:165,0
FN:171,PermissionlessPool.getTotalActiveValidatorCount
FNDA:0,PermissionlessPool.getTotalActiveValidatorCount
DA:172,0
FN:176,PermissionlessPool.getAllSocializingPoolOptOutOperators
FNDA:0,PermissionlessPool.getAllSocializingPoolOptOutOperators
DA:181,0
FN:189,PermissionlessPool.getOperatorTotalNonTerminalKeys
FNDA:0,PermissionlessPool.getOperatorTotalNonTerminalKeys
DA:194,0
FN:202,PermissionlessPool.getCollateralETH
FNDA:0,PermissionlessPool.getCollateralETH
DA:203,0
FN:206,PermissionlessPool.getNodeRegistry
FNDA:0,PermissionlessPool.getNodeRegistry
DA:207,0
FN:211,PermissionlessPool.isExistingPubkey
FNDA:0,PermissionlessPool.isExistingPubkey
DA:212,0
FN:216,PermissionlessPool.isExistingOperator
FNDA:0,PermissionlessPool.isExistingOperator
DA:217,0
FN:221,PermissionlessPool.updateStaderConfig
FNDA:0,PermissionlessPool.updateStaderConfig
DA:222,0
DA:223,0
DA:224,0
FN:229,PermissionlessPool.computeDepositDataRoot
FNDA:0,PermissionlessPool.computeDepositDataRoot
DA:235,0
DA:236,0
DA:237,0
DA:243,0
FN:252,PermissionlessPool.fullDepositOnBeaconChain
FNDA:0,PermissionlessPool.fullDepositOnBeaconChain
DA:259,0
DA:263,0
DA:267,0
DA:273,0
DA:279,0
DA:280,0
FN:284,PermissionlessPool.to_little_endian_64
FNDA:0,PermissionlessPool.to_little_endian_64
DA:285,0
DA:287,0
DA:288,0
DA:290,0
DA:291,0
DA:292,0
DA:293,0
DA:294,0
DA:295,0
DA:296,0
DA:297,0
FNF:19
FNH:0
LF:73
LH:0
BRF:6
BRH:0
end_of_record
TN:
SF:contracts/PoolSelector.sol
FN:36,PoolSelector.initialize
FNDA:0,PoolSelector.initialize
DA:37,0
DA:38,0
DA:39,0
DA:40,0
DA:41,0
DA:42,0
FN:50,PoolSelector.computePoolAllocationForDeposit
FNDA:0,PoolSelector.computePoolAllocationForDeposit
DA:56,0
DA:57,0
DA:58,0
DA:59,0
DA:60,0
DA:61,0
DA:62,0
DA:63,0
FN:73,PoolSelector.poolAllocationForExcessETHDeposit
FNDA:0,PoolSelector.poolAllocationForExcessETHDeposit
DA:78,0
DA:79,0
DA:80,0
DA:81,0
DA:82,0
DA:83,0
DA:84,0
DA:85,0
DA:86,0
DA:87,0
DA:88,0
DA:89,0
DA:90,0
DA:91,0
DA:95,0
DA:96,0
DA:97,0
DA:100,0
BRDA:100,0,0,-
BRDA:100,0,1,-
DA:101,0
DA:102,0
FN:113,PoolSelector.updatePoolWeights
FNDA:0,PoolSelector.updatePoolWeights
DA:114,0
DA:115,0
DA:116,0
DA:117,0
DA:119,0
BRDA:119,1,0,-
BRDA:119,1,1,-
DA:120,0
DA:123,0
DA:124,0
DA:125,0
DA:126,0
DA:127,0
DA:129,0
BRDA:129,2,0,-
BRDA:129,2,1,-
DA:130,0
FN:134,PoolSelector.updatePoolAllocationMaxSize
FNDA:0,PoolSelector.updatePoolAllocationMaxSize
DA:135,0
DA:136,0
DA:137,0
FN:141,PoolSelector.updateStaderConfig
FNDA:0,PoolSelector.updateStaderConfig
DA:142,0
DA:143,0
DA:144,0
FNF:6
FNH:0
LF:53
LH:0
BRF:6
BRH:0
end_of_record
TN:
SF:contracts/PoolUtils.sol
FN:25,PoolUtils.initialize
FNDA:0,PoolUtils.initialize
DA:26,0
DA:27,0
DA:28,0
DA:29,0
DA:31,0
FN:40,PoolUtils.addNewPool
FNDA:0,PoolUtils.addNewPool
DA:41,0
DA:42,0
DA:43,0
DA:44,0
DA:45,0
DA:46,0
FN:55,PoolUtils.updatePoolAddress
FNDA:0,PoolUtils.updatePoolAddress
DA:61,0
DA:62,0
DA:63,0
DA:64,0
FN:72,PoolUtils.processValidatorExitList
FNDA:0,PoolUtils.processValidatorExitList
DA:73,0
DA:74,0
DA:75,0
DA:76,0
FN:81,PoolUtils.updateStaderConfig
FNDA:0,PoolUtils.updateStaderConfig
DA:82,0
DA:83,0
DA:84,0
FN:88,PoolUtils.getProtocolFee
FNDA:0,PoolUtils.getProtocolFee
DA:89,0
FN:93,PoolUtils.getOperatorFee
FNDA:0,PoolUtils.getOperatorFee
DA:94,0
FN:98,PoolUtils.getTotalActiveValidatorCount
FNDA:0,PoolUtils.getTotalActiveValidatorCount
DA:99,0
DA:100,0
DA:101,0
DA:102,0
DA:105,0
FN:109,PoolUtils.getQueuedValidatorCountByPool
FNDA:0,PoolUtils.getQueuedValidatorCountByPool
DA:116,0
DA:117,0
FN:121,PoolUtils.getActiveValidatorCountByPool
FNDA:0,PoolUtils.getActiveValidatorCountByPool
DA:128,0
DA:129,0
FN:133,PoolUtils.getSocializingPoolAddress
FNDA:0,PoolUtils.getSocializingPoolAddress
DA:140,0
FN:144,PoolUtils.getOperatorTotalNonTerminalKeys
FNDA:0,PoolUtils.getOperatorTotalNonTerminalKeys
DA:150,0
DA:151,0
FN:154,PoolUtils.getCollateralETH
FNDA:0,PoolUtils.getCollateralETH
DA:155,0
DA:156,0
FN:159,PoolUtils.getNodeRegistry
FNDA:0,PoolUtils.getNodeRegistry
DA:160,0
FN:163,PoolUtils.isExistingPubkey
FNDA:0,PoolUtils.isExistingPubkey
DA:164,0
DA:165,0
DA:166,0
DA:167,0
BRDA:167,0,0,-
BRDA:167,0,1,-
DA:168,0
DA:171,0
FN:174,PoolUtils.isExistingOperator
FNDA:0,PoolUtils.isExistingOperator
DA:175,0
DA:176,0
DA:177,0
DA:178,0
BRDA:178,1,0,-
BRDA:178,1,1,-
DA:179,0
DA:182,0
FN:185,PoolUtils.getOperatorPoolId
FNDA:0,PoolUtils.getOperatorPoolId
DA:186,0
DA:187,0
DA:188,0
DA:189,0
BRDA:189,2,0,-
BRDA:189,2,1,-
DA:190,0
DA:193,0
FN:196,PoolUtils.getValidatorPoolId
FNDA:0,PoolUtils.getValidatorPoolId
DA:197,0
DA:198,0
DA:199,0
DA:200,0
BRDA:200,3,0,-
BRDA:200,3,1,-
DA:201,0
DA:204,0
FN:207,PoolUtils.getPoolIdArray
FNDA:0,PoolUtils.getPoolIdArray
DA:208,0
FN:212,PoolUtils.onlyValidName
FNDA:0,PoolUtils.onlyValidName
DA:213,0
BRDA:213,4,0,-
BRDA:213,4,1,-
DA:214,0
DA:216,0
BRDA:216,5,0,-
BRDA:216,5,1,-
DA:217,0
FN:222,PoolUtils.onlyValidKeys
FNDA:0,PoolUtils.onlyValidKeys
DA:227,0
BRDA:227,6,0,-
BRDA:227,6,1,-
DA:228,0
DA:230,0
BRDA:230,7,0,-
BRDA:230,7,1,-
DA:231,0
DA:233,0
BRDA:233,8,0,-
BRDA:233,8,1,-
DA:234,0
DA:236,0
BRDA:236,9,0,-
BRDA:236,9,1,-
DA:237,0
FN:242,PoolUtils.calculateRewardShare
FNDA:0,PoolUtils.calculateRewardShare
DA:252,0
DA:253,0
DA:254,0
DA:255,0
DA:256,0
DA:258,0
DA:260,0
DA:262,0
DA:263,0
DA:265,0
FN:268,PoolUtils.isExistingPoolId
FNDA:0,PoolUtils.isExistingPoolId
DA:269,0
DA:270,0
DA:271,0
BRDA:271,10,0,-
BRDA:271,10,1,-
DA:272,0
DA:275,0
FN:278,PoolUtils.verifyNewPool
FNDA:0,PoolUtils.verifyNewPool
DA:279,0
BRDA:279,11,0,-
BRDA:279,11,1,-
DA:280,0
FN:284,PoolUtils.getPoolCount
FNDA:0,PoolUtils.getPoolCount
DA:285,0
FNF:25
FNH:0
LF:94
LH:0
BRF:24
BRH:0
end_of_record
TN:
SF:contracts/SDCollateral.sol
FN:29,SDCollateral.initialize
FNDA:1,SDCollateral.initialize
DA:30,1
DA:31,1
DA:33,1
DA:34,1
DA:36,1
DA:37,1
DA:39,1
FN:46,SDCollateral.depositSDAsCollateral
FNDA:1537,SDCollateral.depositSDAsCollateral
DA:47,1537
DA:49,1537
DA:50,1537
DA:52,1537
BRDA:52,0,0,-
BRDA:52,0,1,1281
DA:53,0
DA:56,1281
FN:63,SDCollateral.requestWithdraw
FNDA:1792,SDCollateral.requestWithdraw
DA:64,1792
DA:65,1792
DA:67,1792
DA:68,1792
DA:69,1536
DA:71,1536
DA:72,1536
BRDA:72,1,0,256
BRDA:72,1,1,1280
DA:73,256
DA:76,1280
DA:77,1280
DA:79,1280
FN:82,SDCollateral.claimWithdraw
FNDA:513,SDCollateral.claimWithdraw
DA:83,513
DA:85,513
DA:86,513
BRDA:86,2,0,1
BRDA:86,2,1,512
DA:87,1
DA:89,512
BRDA:89,3,0,256
BRDA:89,3,1,256
DA:90,256
DA:93,256
DA:94,256
DA:95,256
DA:98,256
BRDA:98,4,0,-
BRDA:98,4,1,256
DA:99,0
DA:102,256
FN:108,SDCollateral.slashValidatorSD
FNDA:261,SDCollateral.slashValidatorSD
DA:109,261
DA:110,5
DA:111,4
DA:112,4
DA:113,4
FN:120,SDCollateral.slashSD
FNDA:4,SDCollateral.slashSD
DA:121,4
DA:122,4
DA:123,4
BRDA:123,5,0,1
BRDA:123,5,1,3
DA:124,1
DA:126,3
DA:127,3
DA:128,3
DA:129,2
FN:134,SDCollateral.maxApproveSD
FNDA:1,SDCollateral.maxApproveSD
DA:135,1
DA:136,1
FN:140,SDCollateral.updateStaderConfig
FNDA:0,SDCollateral.updateStaderConfig
DA:141,0
DA:142,0
BRDA:142,6,0,-
BRDA:142,6,1,-
DA:143,0
DA:145,0
DA:146,0
FN:149,SDCollateral.updatePoolThreshold
FNDA:2050,SDCollateral.updatePoolThreshold
DA:156,2050
DA:157,1794
BRDA:157,7,0,512
BRDA:157,7,1,1282
DA:158,512
DA:161,1282
DA:168,1282
FN:171,SDCollateral.setWithdrawDelay
FNDA:1280,SDCollateral.setWithdrawDelay
DA:172,1280
DA:173,1280
BRDA:173,8,0,512
BRDA:173,8,1,768
DA:174,512
DA:176,768
DA:177,768
FN:186,SDCollateral.hasEnoughSDCollateral
FNDA:0,SDCollateral.hasEnoughSDCollateral
DA:191,0
FN:197,SDCollateral.getMinimumSDToBond
FNDA:1,SDCollateral.getMinimumSDToBond
DA:203,1
DA:204,1
DA:206,1
DA:207,1
FN:214,SDCollateral.getRemainingSDToBond
FNDA:0,SDCollateral.getRemainingSDToBond
DA:219,0
DA:220,0
DA:221,0
FN:224,SDCollateral.getRewardEligibleSD
FNDA:0,SDCollateral.getRewardEligibleSD
DA:225,0
DA:227,0
DA:228,0
DA:230,0
DA:231,0
DA:232,0
DA:233,0
FN:236,SDCollateral.convertSDToETH
FNDA:0,SDCollateral.convertSDToETH
DA:237,0
DA:238,0
FN:241,SDCollateral.convertETHToSD
FNDA:1024,SDCollateral.convertETHToSD
DA:242,2565
DA:243,2565
FN:248,SDCollateral.getOperatorInfo
FNDA:1792,SDCollateral.getOperatorInfo
DA:257,1792
DA:258,1792
DA:259,1792
DA:260,1792
DA:261,1792
FN:269,SDCollateral.isPoolThresholdValid
FNDA:1798,SDCollateral.isPoolThresholdValid
DA:270,1798
BRDA:270,9,0,257
BRDA:270,9,1,1541
DA:271,257
FNF:18
FNH:13
LF:92
LH:72
BRF:20
BRH:16
end_of_record
TN:
SF:contracts/SocializingPool.sol
FN:40,SocializingPool.initialize
FNDA:0,SocializingPool.initialize
DA:41,0
DA:42,0
DA:44,0
DA:45,0
DA:46,0
DA:48,0
DA:49,0
DA:51,0
FN:62,SocializingPool.handleRewards
FNDA:0,SocializingPool.handleRewards
DA:63,0
DA:65,0
BRDA:65,0,0,-
BRDA:65,0,1,-
DA:66,0
DA:69,0
BRDA:68,1,0,-
BRDA:68,1,1,-
DA:72,0
DA:75,0
BRDA:74,2,0,-
BRDA:74,2,1,-
DA:78,0
DA:81,0
DA:82,0
DA:83,0
DA:85,0
DA:86,0
DA:88,0
DA:92,0
DA:93,0
BRDA:93,3,0,-
BRDA:93,3,1,-
DA:94,0
DA:97,0
DA:104,0
DA:105,0
FN:108,SocializingPool.claim
FNDA:0,SocializingPool.claim
DA:114,0
DA:115,0
DA:117,0
DA:118,0
DA:120,0
DA:121,0
BRDA:121,4,0,-
BRDA:121,4,1,-
DA:122,0
DA:123,0
DA:124,0
BRDA:124,5,0,-
BRDA:124,5,1,-
DA:125,0
DA:129,0
BRDA:129,6,0,-
BRDA:129,6,1,-
DA:130,0
DA:131,0
BRDA:131,7,0,-
BRDA:131,7,1,-
DA:132,0
DA:136,0
FN:139,SocializingPool._claim
FNDA:0,SocializingPool._claim
DA:146,0
DA:147,0
DA:148,0
BRDA:148,8,0,-
BRDA:148,8,1,-
DA:149,0
DA:151,0
BRDA:151,9,0,-
BRDA:151,9,1,-
DA:152,0
DA:155,0
DA:156,0
DA:157,0
DA:159,0
BRDA:159,10,0,-
BRDA:159,10,1,-
DA:160,0
FN:165,SocializingPool.verifyProof
FNDA:0,SocializingPool.verifyProof
DA:172,0
BRDA:172,11,0,-
BRDA:172,11,1,-
DA:173,0
DA:175,0
DA:176,0
DA:177,0
FN:181,SocializingPool.updateStaderConfig
FNDA:0,SocializingPool.updateStaderConfig
DA:182,0
DA:183,0
DA:184,0
FN:189,SocializingPool.getCurrentRewardsIndex
FNDA:0,SocializingPool.getCurrentRewardsIndex
DA:190,0
FN:193,SocializingPool.getRewardDetails
FNDA:0,SocializingPool.getRewardDetails
DA:203,0
DA:204,0
FN:208,SocializingPool.getRewardCycleDetails
FNDA:0,SocializingPool.getRewardCycleDetails
DA:209,0
BRDA:209,12,0,-
BRDA:209,12,1,-
DA:210,0
DA:212,0
DA:214,0
BRDA:214,13,0,-
BRDA:214,13,1,-
DA:215,0
DA:219,0
DA:220,0
DA:223,0
BRDA:223,14,0,-
BRDA:223,14,1,-
DA:224,0
BRDA:224,15,0,-
BRDA:224,15,1,-
DA:225,0
DA:227,0
FNF:9
FNH:0
LF:75
LH:0
BRF:32
BRH:0
end_of_record
TN:
SF:contracts/StaderConfig.sol
FN:76,StaderConfig.initialize
FNDA:0,StaderConfig.initialize
DA:77,0
DA:78,0
DA:79,0
DA:80,0
DA:81,0
DA:82,0
DA:83,0
DA:84,0
DA:85,0
DA:86,0
DA:87,0
DA:88,0
DA:89,0
DA:90,0
DA:91,0
DA:92,0
FN:97,StaderConfig.updateSocializingPoolCycleDuration
FNDA:0,StaderConfig.updateSocializingPoolCycleDuration
DA:98,0
FN:101,StaderConfig.updateSocializingPoolOptInCoolingPeriod
FNDA:0,StaderConfig.updateSocializingPoolOptInCoolingPeriod
DA:105,0
FN:108,StaderConfig.updateRewardsThreshold
FNDA:0,StaderConfig.updateRewardsThreshold
DA:109,0
FN:116,StaderConfig.updateMinDepositAmount
FNDA:0,StaderConfig.updateMinDepositAmount
DA:117,0
DA:118,0
FN:125,StaderConfig.updateMaxDepositAmount
FNDA:0,StaderConfig.updateMaxDepositAmount
DA:126,0
DA:127,0
FN:134,StaderConfig.updateMinWithdrawAmount
FNDA:0,StaderConfig.updateMinWithdrawAmount
DA:135,0
DA:136,0
FN:143,StaderConfig.updateMaxWithdrawAmount
FNDA:0,StaderConfig.updateMaxWithdrawAmount
DA:144,0
DA:145,0
FN:148,StaderConfig.updateMinBlockDelayToFinalizeWithdrawRequest
FNDA:0,StaderConfig.updateMinBlockDelayToFinalizeWithdrawRequest
DA:152,0
FN:160,StaderConfig.updateWithdrawnKeysBatchSize
FNDA:0,StaderConfig.updateWithdrawnKeysBatchSize
DA:161,0
FN:166,StaderConfig.updateAdmin
FNDA:0,StaderConfig.updateAdmin
DA:167,0
DA:169,0
DA:170,0
DA:172,0
FN:175,StaderConfig.updateStaderTreasury
FNDA:256,StaderConfig.updateStaderTreasury
DA:176,256
FN:181,StaderConfig.updatePoolUtils
FNDA:0,StaderConfig.updatePoolUtils
DA:182,0
FN:185,StaderConfig.updatePoolSelector
FNDA:0,StaderConfig.updatePoolSelector
DA:186,0
FN:189,StaderConfig.updateSDCollateral
FNDA:0,StaderConfig.updateSDCollateral
DA:190,0
FN:193,StaderConfig.updateVaultFactory
FNDA:0,StaderConfig.updateVaultFactory
DA:194,0
FN:197,StaderConfig.updateAuctionContract
FNDA:0,StaderConfig.updateAuctionContract
DA:198,0
FN:201,StaderConfig.updateStaderOracle
FNDA:0,StaderConfig.updateStaderOracle
DA:202,0
FN:205,StaderConfig.updatePenaltyContract
FNDA:0,StaderConfig.updatePenaltyContract
DA:206,0
FN:209,StaderConfig.updatePermissionedPool
FNDA:0,StaderConfig.updatePermissionedPool
DA:210,0
FN:213,StaderConfig.updateStakePoolManager
FNDA:256,StaderConfig.updateStakePoolManager
DA:214,256
FN:217,StaderConfig.updatePermissionlessPool
FNDA:0,StaderConfig.updatePermissionlessPool
DA:218,0
FN:221,StaderConfig.updateUserWithdrawManager
FNDA:0,StaderConfig.updateUserWithdrawManager
DA:222,0
FN:225,StaderConfig.updateStaderInsuranceFund
FNDA:0,StaderConfig.updateStaderInsuranceFund
DA:226,0
FN:229,StaderConfig.updatePermissionedNodeRegistry
FNDA:0,StaderConfig.updatePermissionedNodeRegistry
DA:230,0
FN:233,StaderConfig.updatePermissionlessNodeRegistry
FNDA:0,StaderConfig.updatePermissionlessNodeRegistry
DA:237,0
FN:240,StaderConfig.updatePermissionedSocializingPool
FNDA:0,StaderConfig.updatePermissionedSocializingPool
DA:244,0
FN:247,StaderConfig.updatePermissionlessSocializingPool
FNDA:0,StaderConfig.updatePermissionlessSocializingPool
DA:251,0
FN:254,StaderConfig.updateStaderToken
FNDA:0,StaderConfig.updateStaderToken
DA:255,0
FN:258,StaderConfig.updateETHxToken
FNDA:0,StaderConfig.updateETHxToken
DA:259,0
FN:264,StaderConfig.getStakedEthPerNode
FNDA:0,StaderConfig.getStakedEthPerNode
DA:265,0
FN:268,StaderConfig.getPreDepositSize
FNDA:0,StaderConfig.getPreDepositSize
DA:269,0
FN:272,StaderConfig.getFullDepositSize
FNDA:0,StaderConfig.getFullDepositSize
DA:273,0
FN:276,StaderConfig.getDecimals
FNDA:2565,StaderConfig.getDecimals
DA:277,2565
FN:280,StaderConfig.getTotalFee
FNDA:0,StaderConfig.getTotalFee
DA:281,0
FN:284,StaderConfig.getOperatorMaxNameLength
FNDA:0,StaderConfig.getOperatorMaxNameLength
DA:285,0
FN:290,StaderConfig.getSocializingPoolCycleDuration
FNDA:0,StaderConfig.getSocializingPoolCycleDuration
DA:291,0
FN:294,StaderConfig.getSocializingPoolOptInCoolingPeriod
FNDA:0,StaderConfig.getSocializingPoolOptInCoolingPeriod
DA:295,0
FN:298,StaderConfig.getRewardsThreshold
FNDA:0,StaderConfig.getRewardsThreshold
DA:299,0
FN:302,StaderConfig.getMinDepositAmount
FNDA:0,StaderConfig.getMinDepositAmount
DA:303,0
FN:306,StaderConfig.getMaxDepositAmount
FNDA:0,StaderConfig.getMaxDepositAmount
DA:307,0
FN:310,StaderConfig.getMinWithdrawAmount
FNDA:0,StaderConfig.getMinWithdrawAmount
DA:311,0
FN:314,StaderConfig.getMaxWithdrawAmount
FNDA:0,StaderConfig.getMaxWithdrawAmount
DA:315,0
FN:318,StaderConfig.getMinBlockDelayToFinalizeWithdrawRequest
FNDA:0,StaderConfig.getMinBlockDelayToFinalizeWithdrawRequest
DA:319,0
FN:322,StaderConfig.getWithdrawnKeyBatchSize
FNDA:0,StaderConfig.getWithdrawnKeyBatchSize
DA:323,0
FN:328,StaderConfig.getAdmin
FNDA:512,StaderConfig.getAdmin
DA:329,512
FN:332,StaderConfig.getStaderTreasury
FNDA:512,StaderConfig.getStaderTreasury
DA:333,512
FN:338,StaderConfig.getPoolUtils
FNDA:2566,StaderConfig.getPoolUtils
DA:339,2566
FN:342,StaderConfig.getPoolSelector
FNDA:1,StaderConfig.getPoolSelector
DA:343,1
FN:346,StaderConfig.getSDCollateral
FNDA:0,StaderConfig.getSDCollateral
DA:347,0
FN:350,StaderConfig.getVaultFactory
FNDA:512,StaderConfig.getVaultFactory
DA:351,512
FN:354,StaderConfig.getStaderOracle
FNDA:2565,StaderConfig.getStaderOracle
DA:355,2565
FN:358,StaderConfig.getAuctionContract
FNDA:7,StaderConfig.getAuctionContract
DA:359,7
FN:362,StaderConfig.getPenaltyContract
FNDA:0,StaderConfig.getPenaltyContract
DA:363,0
FN:366,StaderConfig.getPermissionedPool
FNDA:0,StaderConfig.getPermissionedPool
DA:367,0
FN:370,StaderConfig.getStakePoolManager
FNDA:512,StaderConfig.getStakePoolManager
DA:371,512
FN:374,StaderConfig.getETHDepositContract
FNDA:0,StaderConfig.getETHDepositContract
DA:375,0
FN:378,StaderConfig.getPermissionlessPool
FNDA:0,StaderConfig.getPermissionlessPool
DA:379,0
FN:382,StaderConfig.getUserWithdrawManager
FNDA:0,StaderConfig.getUserWithdrawManager
DA:383,0
FN:386,StaderConfig.getStaderInsuranceFund
FNDA:0,StaderConfig.getStaderInsuranceFund
DA:387,0
FN:390,StaderConfig.getPermissionedNodeRegistry
FNDA:0,StaderConfig.getPermissionedNodeRegistry
DA:391,0
FN:394,StaderConfig.getPermissionlessNodeRegistry
FNDA:0,StaderConfig.getPermissionlessNodeRegistry
DA:395,0
FN:398,StaderConfig.getPermissionedSocializingPool
FNDA:0,StaderConfig.getPermissionedSocializingPool
DA:399,0
FN:402,StaderConfig.getPermissionlessSocializingPool
FNDA:256,StaderConfig.getPermissionlessSocializingPool
DA:403,256
FN:408,StaderConfig.getStaderToken
FNDA:5638,StaderConfig.getStaderToken
DA:409,5638
FN:412,StaderConfig.getETHxToken
FNDA:0,StaderConfig.getETHxToken
DA:413,0
FN:417,StaderConfig.setConstant
FNDA:0,StaderConfig.setConstant
DA:418,0
DA:419,0
FN:422,StaderConfig.setVariable
FNDA:0,StaderConfig.setVariable
DA:423,0
DA:424,0
FN:427,StaderConfig.setAccount
FNDA:256,StaderConfig.setAccount
DA:428,256
DA:429,256
DA:430,256
FN:433,StaderConfig.setContract
FNDA:256,StaderConfig.setContract
DA:434,256
DA:435,256
DA:436,256
FN:439,StaderConfig.setToken
FNDA:0,StaderConfig.setToken
DA:440,0
DA:441,0
DA:442,0
FN:446,StaderConfig.onlyStaderContract
FNDA:0,StaderConfig.onlyStaderContract
DA:447,0
FN:450,StaderConfig.onlyManagerRole
FNDA:4101,StaderConfig.onlyManagerRole
DA:451,4101
FN:454,StaderConfig.onlyOperatorRole
FNDA:0,StaderConfig.onlyOperatorRole
DA:455,0
FN:458,StaderConfig.verifyDepositAndWithdrawLimits
FNDA:0,StaderConfig.verifyDepositAndWithdrawLimits
DA:460,0
BRDA:459,0,0,-
BRDA:459,0,1,-
DA:467,0
FNF:75
FNH:16
LF:106
LH:20
BRF:2
BRH:0
end_of_record
TN:
SF:contracts/StaderInsuranceFund.sol
FN:26,StaderInsuranceFund.initialize
FNDA:0,StaderInsuranceFund.initialize
DA:27,0
DA:28,0
DA:29,0
DA:30,0
DA:31,0
DA:32,0
FN:36,StaderInsuranceFund.depositFund
FNDA:0,StaderInsuranceFund.depositFund
DA:37,0
FN:41,StaderInsuranceFund.withdrawFund
FNDA:0,StaderInsuranceFund.withdrawFund
DA:42,0
DA:43,0
BRDA:43,0,0,-
BRDA:43,0,1,-
DA:44,0
DA:48,0
DA:49,0
BRDA:49,1,0,-
BRDA:49,1,1,-
DA:50,0
DA:52,0
FN:60,StaderInsuranceFund.reimburseUserFund
FNDA:0,StaderInsuranceFund.reimburseUserFund
DA:61,0
DA:62,0
BRDA:62,2,0,-
BRDA:62,2,1,-
DA:63,0
DA:65,0
FN:69,StaderInsuranceFund.updateStaderConfig
FNDA:0,StaderInsuranceFund.updateStaderConfig
DA:70,0
DA:71,0
DA:72,0
FNF:5
FNH:0
LF:21
LH:0
BRF:6
BRH:0
end_of_record
TN:
SF:contracts/StaderOracle.sol
FN:55,StaderOracle.initialize
FNDA:0,StaderOracle.initialize
DA:56,0
DA:57,0
DA:59,0
DA:60,0
DA:61,0
DA:62,0
DA:63,0
DA:64,0
FN:68,StaderOracle.addTrustedNode
FNDA:0,StaderOracle.addTrustedNode
DA:69,0
DA:70,0
DA:71,0
BRDA:71,0,0,-
BRDA:71,0,1,-
DA:72,0
DA:74,0
DA:75,0
DA:77,0
FN:81,StaderOracle.removeTrustedNode
FNDA:0,StaderOracle.removeTrustedNode
DA:82,0
DA:83,0
DA:84,0
BRDA:84,1,0,-
BRDA:84,1,1,-
DA:85,0
DA:87,0
DA:88,0
DA:90,0
FN:94,StaderOracle.submitBalances
FNDA:0,StaderOracle.submitBalances
DA:95,0
BRDA:95,2,0,-
BRDA:95,2,1,-
DA:96,0
DA:98,0
BRDA:98,3,0,-
BRDA:98,3,1,-
DA:99,0
DA:101,0
BRDA:101,4,0,-
BRDA:101,4,1,-
DA:102,0
DA:106,0
DA:115,0
DA:123,0
DA:125,0
DA:135,0
BRDA:134,5,0,-
BRDA:134,5,1,-
DA:138,0
DA:141,0
FN:157,StaderOracle.submitSocializingRewardsMerkleRoot
FNDA:0,StaderOracle.submitSocializingRewardsMerkleRoot
DA:164,0
BRDA:164,6,0,-
BRDA:164,6,1,-
DA:165,0
DA:167,0
BRDA:167,7,0,-
BRDA:167,7,1,-
DA:168,0
DA:170,0
BRDA:170,8,0,-
BRDA:170,8,1,-
DA:171,0
DA:175,0
DA:187,0
DA:200,0
DA:208,0
DA:210,0
BRDA:210,9,0,-
BRDA:210,9,1,-
DA:211,0
DA:214,0
DA:216,0
FN:225,StaderOracle.submitSDPrice
FNDA:0,StaderOracle.submitSDPrice
DA:226,0
BRDA:226,10,0,-
BRDA:226,10,1,-
DA:227,0
DA:229,0
BRDA:229,11,0,-
BRDA:229,11,1,-
DA:230,0
DA:232,0
BRDA:232,12,0,-
BRDA:232,12,1,-
DA:233,0
DA:237,0
DA:238,0
DA:239,0
DA:240,0
DA:242,0
DA:245,0
BRDA:245,13,0,-
BRDA:245,13,1,-
DA:246,0
DA:247,0
DA:248,0
DA:249,0
DA:250,0
DA:251,0
DA:255,0
FN:259,StaderOracle.insertSDPrice
FNDA:0,StaderOracle.insertSDPrice
DA:260,0
DA:261,0
BRDA:261,14,0,-
BRDA:261,14,1,-
DA:263,0
DA:264,0
DA:265,0
DA:266,0
DA:268,0
FN:271,StaderOracle.getMedianValue
FNDA:0,StaderOracle.getMedianValue
DA:272,0
DA:273,0
FN:277,StaderOracle.submitValidatorStats
FNDA:0,StaderOracle.submitValidatorStats
DA:283,0
BRDA:283,15,0,-
BRDA:283,15,1,-
DA:284,0
DA:286,0
BRDA:286,16,0,-
BRDA:286,16,1,-
DA:287,0
DA:291,0
DA:303,0
DA:315,0
DA:317,0
DA:330,0
BRDA:329,17,0,-
BRDA:329,17,1,-
DA:333,0
DA:336,0
FN:350,StaderOracle.submitWithdrawnValidators
FNDA:0,StaderOracle.submitWithdrawnValidators
DA:357,0
BRDA:357,18,0,-
BRDA:357,18,1,-
DA:358,0
DA:360,0
BRDA:360,19,0,-
BRDA:360,19,1,-
DA:361,0
DA:364,0
DA:366,0
DA:374,0
DA:382,0
DA:384,0
DA:393,0
BRDA:392,20,0,-
BRDA:392,20,1,-
DA:396,0
DA:397,0
DA:400,0
FN:410,StaderOracle.submitMissedAttestationPenalties
FNDA:0,StaderOracle.submitMissedAttestationPenalties
DA:416,0
BRDA:416,21,0,-
BRDA:416,21,1,-
DA:417,0
DA:419,0
BRDA:419,22,0,-
BRDA:419,22,1,-
DA:420,0
DA:422,0
BRDA:422,23,0,-
BRDA:422,23,1,-
DA:423,0
DA:426,0
DA:427,0
BRDA:427,24,0,-
BRDA:427,24,1,-
DA:428,0
DA:430,0
BRDA:430,25,0,-
BRDA:430,25,1,-
DA:431,0
DA:434,0
DA:437,0
DA:440,0
DA:442,0
DA:443,0
DA:446,0
DA:455,0
BRDA:455,26,0,-
BRDA:455,26,1,-
DA:456,0
DA:457,0
DA:458,0
DA:459,0
DA:460,0
DA:462,0
FN:467,StaderOracle.enableSafeMode
FNDA:0,StaderOracle.enableSafeMode
DA:468,0
DA:469,0
DA:470,0
FN:473,StaderOracle.disableSafeMode
FNDA:0,StaderOracle.disableSafeMode
DA:474,0
DA:475,0
FN:479,StaderOracle.updateStaderConfig
FNDA:0,StaderOracle.updateStaderConfig
DA:480,0
DA:481,0
DA:482,0
FN:485,StaderOracle.setERUpdateFrequency
FNDA:0,StaderOracle.setERUpdateFrequency
DA:486,0
DA:487,0
BRDA:487,27,0,-
BRDA:487,27,1,-
DA:488,0
DA:490,0
FN:493,StaderOracle.setSDPriceUpdateFrequency
FNDA:0,StaderOracle.setSDPriceUpdateFrequency
DA:494,0
DA:495,0
FN:498,StaderOracle.setValidatorStatsUpdateFrequency
FNDA:0,StaderOracle.setValidatorStatsUpdateFrequency
DA:499,0
DA:500,0
FN:503,StaderOracle.setWithdrawnValidatorsUpdateFrequency
FNDA:0,StaderOracle.setWithdrawnValidatorsUpdateFrequency
DA:504,0
DA:505,0
FN:508,StaderOracle.setMissedAttestationPenaltyUpdateFrequency
FNDA:0,StaderOracle.setMissedAttestationPenaltyUpdateFrequency
DA:509,0
DA:510,0
FN:513,StaderOracle.setUpdateFrequency
FNDA:0,StaderOracle.setUpdateFrequency
DA:514,0
BRDA:514,28,0,-
BRDA:514,28,1,-
DA:515,0
DA:517,0
BRDA:517,29,0,-
BRDA:517,29,1,-
DA:518,0
DA:520,0
DA:522,0
FN:525,StaderOracle.getERReportableBlock
FNDA:0,StaderOracle.getERReportableBlock
DA:526,0
FN:529,StaderOracle.getMerkleRootReportableBlockByPoolId
FNDA:0,StaderOracle.getMerkleRootReportableBlockByPoolId
DA:530,0
DA:533,0
FN:536,StaderOracle.getSDPriceReportableBlock
FNDA:0,StaderOracle.getSDPriceReportableBlock
DA:537,0
FN:540,StaderOracle.getValidatorStatsReportableBlock
FNDA:0,StaderOracle.getValidatorStatsReportableBlock
DA:541,0
FN:544,StaderOracle.getWithdrawnValidatorReportableBlock
FNDA:0,StaderOracle.getWithdrawnValidatorReportableBlock
DA:545,0
FN:548,StaderOracle.getMissedAttestationPenaltyReportableBlock
FNDA:0,StaderOracle.getMissedAttestationPenaltyReportableBlock
DA:549,0
FN:552,StaderOracle.getReportableBlockFor
FNDA:0,StaderOracle.getReportableBlockFor
DA:553,0
DA:554,0
BRDA:554,30,0,-
BRDA:554,30,1,-
DA:555,0
DA:557,0
FN:560,StaderOracle.getCurrentRewardsIndexByPoolId
FNDA:0,StaderOracle.getCurrentRewardsIndexByPoolId
DA:561,0
FN:566,StaderOracle.getValidatorStats
FNDA:0,StaderOracle.getValidatorStats
DA:567,0
FN:570,StaderOracle.getExchangeRate
FNDA:0,StaderOracle.getExchangeRate
DA:571,0
FN:574,StaderOracle.attestSubmission
FNDA:0,StaderOracle.attestSubmission
DA:579,0
BRDA:579,31,0,-
BRDA:579,31,1,-
DA:580,0
DA:582,0
DA:583,0
DA:584,0
FN:587,StaderOracle.getSDPriceInETH
FNDA:0,StaderOracle.getSDPriceInETH
DA:588,0
FNF:32
FNH:0
LF:171
LH:0
BRF:64
BRH:0
end_of_record
TN:
SF:contracts/StaderStakePoolsManager.sol
FN:49,StaderStakePoolsManager.initialize
FNDA:0,StaderStakePoolsManager.initialize
DA:50,0
DA:51,0
DA:52,0
DA:53,0
DA:54,0
DA:55,0
DA:56,0
DA:57,0
DA:58,0
FN:62,StaderStakePoolsManager.
FNDA:0,StaderStakePoolsManager.
DA:63,0
FN:72,StaderStakePoolsManager.receiveExecutionLayerRewards
FNDA:0,StaderStakePoolsManager.receiveExecutionLayerRewards
DA:73,0
DA:74,0
FN:78,StaderStakePoolsManager.receiveWithdrawVaultUserShare
FNDA:0,StaderStakePoolsManager.receiveWithdrawVaultUserShare
DA:79,0
DA:80,0
FN:83,StaderStakePoolsManager.receiveEthFromAuction
FNDA:0,StaderStakePoolsManager.receiveEthFromAuction
DA:84,0
DA:85,0
FN:92,StaderStakePoolsManager.receiveExcessEthFromPool
FNDA:0,StaderStakePoolsManager.receiveExcessEthFromPool
DA:93,0
DA:94,0
FN:102,StaderStakePoolsManager.transferETHToUserWithdrawManager
FNDA:0,StaderStakePoolsManager.transferETHToUserWithdrawManager
DA:103,0
DA:104,0
DA:106,0
DA:107,0
BRDA:107,0,0,-
BRDA:107,0,1,-
DA:108,0
DA:110,0
FN:113,StaderStakePoolsManager.updateExcessETHDepositCoolDown
FNDA:0,StaderStakePoolsManager.updateExcessETHDepositCoolDown
DA:114,0
DA:115,0
DA:116,0
FN:120,StaderStakePoolsManager.updateStaderConfig
FNDA:0,StaderStakePoolsManager.updateStaderConfig
DA:121,0
DA:122,0
DA:123,0
FN:129,StaderStakePoolsManager.getExchangeRate
FNDA:0,StaderStakePoolsManager.getExchangeRate
DA:130,0
DA:131,0
DA:132,0
DA:134,0
BRDA:134,1,0,-
BRDA:134,1,1,-
DA:135,0
DA:137,0
FN:141,StaderStakePoolsManager.totalAssets
FNDA:0,StaderStakePoolsManager.totalAssets
DA:142,0
FN:146,StaderStakePoolsManager.convertToShares
FNDA:0,StaderStakePoolsManager.convertToShares
DA:147,0
FN:151,StaderStakePoolsManager.convertToAssets
FNDA:0,StaderStakePoolsManager.convertToAssets
DA:152,0
FN:156,StaderStakePoolsManager.maxDeposit
FNDA:0,StaderStakePoolsManager.maxDeposit
DA:157,0
FN:160,StaderStakePoolsManager.minDeposit
FNDA:0,StaderStakePoolsManager.minDeposit
DA:161,0
FN:165,StaderStakePoolsManager.previewDeposit
FNDA:0,StaderStakePoolsManager.previewDeposit
DA:166,0
FN:170,StaderStakePoolsManager.previewWithdraw
FNDA:0,StaderStakePoolsManager.previewWithdraw
DA:171,0
FN:175,StaderStakePoolsManager.deposit
FNDA:0,StaderStakePoolsManager.deposit
DA:176,0
DA:177,0
BRDA:177,2,0,-
BRDA:177,2,1,-
DA:178,0
DA:180,0
DA:181,0
DA:182,0
FN:189,StaderStakePoolsManager.validatorBatchDeposit
FNDA:0,StaderStakePoolsManager.validatorBatchDeposit
DA:190,0
DA:191,0
BRDA:191,3,0,-
BRDA:191,3,1,-
DA:192,0
DA:194,0
DA:196,0
DA:198,0
BRDA:198,4,0,-
BRDA:198,4,1,-
DA:199,0
DA:201,0
DA:206,0
BRDA:206,5,0,-
BRDA:206,5,1,-
DA:207,0
DA:209,0
DA:210,0
DA:212,0
DA:213,0
FN:220,StaderStakePoolsManager.depositETHOverTargetWeight
FNDA:0,StaderStakePoolsManager.depositETHOverTargetWeight
DA:221,0
BRDA:221,6,0,-
BRDA:221,6,1,-
DA:222,0
DA:224,0
DA:225,0
DA:227,0
DA:231,0
DA:232,0
DA:233,0
DA:234,0
BRDA:234,7,0,-
BRDA:234,7,1,-
DA:235,0
DA:237,0
DA:238,0
DA:241,0
DA:242,0
DA:244,0
DA:245,0
FN:253,StaderStakePoolsManager.pause
FNDA:0,StaderStakePoolsManager.pause
DA:254,0
DA:255,0
FN:262,StaderStakePoolsManager.unpause
FNDA:0,StaderStakePoolsManager.unpause
DA:263,0
FN:272,StaderStakePoolsManager._convertToShares
FNDA:0,StaderStakePoolsManager._convertToShares
DA:273,0
DA:274,0
FN:285,StaderStakePoolsManager.initialConvertToShares
FNDA:0,StaderStakePoolsManager.initialConvertToShares
DA:289,0
FN:295,StaderStakePoolsManager._convertToAssets
FNDA:0,StaderStakePoolsManager._convertToAssets
DA:296,0
DA:297,0
FN:306,StaderStakePoolsManager.initialConvertToAssets
FNDA:0,StaderStakePoolsManager.initialConvertToAssets
DA:310,0
FN:316,StaderStakePoolsManager._deposit
FNDA:0,StaderStakePoolsManager._deposit
DA:322,0
DA:323,0
DA:324,0
FN:330,StaderStakePoolsManager.isVaultHealthy
FNDA:0,StaderStakePoolsManager.isVaultHealthy
DA:331,0
FNF:28
FNH:0
LF:92
LH:0
BRF:16
BRH:0
end_of_record
TN:
SF:contracts/UserWithdrawalManager.sol
FN:54,UserWithdrawalManager.initialize
FNDA:0,UserWithdrawalManager.initialize
DA:55,0
DA:56,0
DA:57,0
DA:58,0
DA:59,0
DA:60,0
DA:61,0
DA:62,0
DA:63,0
DA:64,0
DA:65,0
FN:77,UserWithdrawalManager.updateFinalizationBatchLimit
FNDA:0,UserWithdrawalManager.updateFinalizationBatchLimit
DA:78,0
DA:79,0
DA:80,0
FN:84,UserWithdrawalManager.updateStaderConfig
FNDA:0,UserWithdrawalManager.updateStaderConfig
DA:85,0
DA:86,0
DA:87,0
FN:95,UserWithdrawalManager.requestWithdraw
FNDA:0,UserWithdrawalManager.requestWithdraw
DA:96,0
BRDA:96,0,0,-
BRDA:96,0,1,-
DA:97,0
DA:98,0
BRDA:98,1,0,-
BRDA:98,1,1,-
DA:99,0
DA:101,0
BRDA:101,2,0,-
BRDA:101,2,1,-
DA:102,0
DA:104,0
DA:105,0
DA:106,0
DA:107,0
DA:108,0
DA:109,0
DA:110,0
FN:117,UserWithdrawalManager.finalizeUserWithdrawalRequest
FNDA:0,UserWithdrawalManager.finalizeUserWithdrawalRequest
DA:118,0
BRDA:118,3,0,-
BRDA:118,3,1,-
DA:119,0
DA:121,0
BRDA:121,4,0,-
BRDA:121,4,1,-
DA:122,0
DA:124,0
DA:125,0
DA:126,0
DA:127,0
DA:128,0
DA:129,0
DA:130,0
DA:131,0
DA:132,0
DA:133,0
DA:134,0
DA:135,0
DA:136,0
DA:138,0
BRDA:137,5,0,-
BRDA:137,5,1,-
DA:142,0
DA:144,0
DA:145,0
DA:146,0
DA:147,0
DA:150,0
BRDA:150,6,0,-
BRDA:150,6,1,-
DA:151,0
DA:152,0
DA:153,0
DA:154,0
FN:162,UserWithdrawalManager.claim
FNDA:0,UserWithdrawalManager.claim
DA:163,0
BRDA:163,7,0,-
BRDA:163,7,1,-
DA:164,0
DA:166,0
DA:167,0
BRDA:167,8,0,-
BRDA:167,8,1,-
DA:168,0
DA:171,0
BRDA:171,9,0,-
BRDA:171,9,1,-
DA:172,0
DA:174,0
DA:175,0
DA:176,0
DA:177,0
FN:181,UserWithdrawalManager.getRequestIdsByUser
FNDA:0,UserWithdrawalManager.getRequestIdsByUser
DA:182,0
FN:189,UserWithdrawalManager.pause
FNDA:0,UserWithdrawalManager.pause
DA:190,0
DA:191,0
FN:198,UserWithdrawalManager.unpause
FNDA:0,UserWithdrawalManager.unpause
DA:199,0
FN:203,UserWithdrawalManager.deleteRequestId
FNDA:0,UserWithdrawalManager.deleteRequestId
DA:204,0
DA:205,0
DA:206,0
DA:207,0
DA:208,0
BRDA:208,10,0,-
BRDA:208,10,1,-
DA:209,0
DA:210,0
DA:211,0
DA:214,0
FN:217,UserWithdrawalManager.sendValue
FNDA:0,UserWithdrawalManager.sendValue
DA:218,0
BRDA:218,11,0,-
BRDA:218,11,1,-
DA:219,0
DA:223,0
DA:224,0
BRDA:224,12,0,-
BRDA:224,12,1,-
DA:225,0
FNF:11
FNH:0
LF:87
LH:0
BRF:26
BRH:0
end_of_record
TN:
SF:contracts/ValidatorWithdrawalVault.sol
FN:36,ValidatorWithdrawalVault.initialize
FNDA:0,ValidatorWithdrawalVault.initialize
DA:41,0
DA:43,0
DA:44,0
DA:46,0
DA:47,0
DA:48,0
DA:49,0
FN:57,ValidatorWithdrawalVault.distributeRewards
FNDA:0,ValidatorWithdrawalVault.distributeRewards
DA:58,0
DA:59,0
BRDA:59,0,0,-
BRDA:59,0,1,-
DA:60,0
DA:61,0
DA:63,0
BRDA:63,1,0,-
BRDA:63,1,1,-
DA:64,0
DA:65,0
DA:67,0
BRDA:67,2,0,-
BRDA:67,2,1,-
DA:68,0
DA:70,0
DA:74,0
DA:75,0
DA:76,0
DA:77,0
FN:80,ValidatorWithdrawalVault.settleFunds
FNDA:0,ValidatorWithdrawalVault.settleFunds
DA:81,0
DA:82,0
BRDA:82,3,0,-
BRDA:82,3,1,-
DA:83,0
DA:85,0
DA:87,0
DA:89,0
BRDA:89,4,0,-
BRDA:89,4,1,-
DA:90,0
DA:91,0
DA:94,0
DA:95,0
DA:98,0
DA:99,0
DA:100,0
DA:101,0
DA:102,0
DA:103,0
FN:106,ValidatorWithdrawalVault.calculateValidatorWithdrawalShare
FNDA:0,ValidatorWithdrawalVault.calculateValidatorWithdrawalShare
DA:115,0
DA:116,0
DA:117,0
DA:118,0
DA:120,0
DA:122,0
BRDA:122,5,0,-
BRDA:122,5,1,-
DA:123,0
DA:124,0
DA:125,0
BRDA:125,6,0,-
BRDA:125,6,1,-
DA:126,0
DA:127,0
DA:128,0
DA:130,0
DA:131,0
DA:132,0
DA:134,0
BRDA:134,7,0,-
BRDA:134,7,1,-
DA:135,0
DA:138,0
DA:139,0
DA:140,0
FN:145,ValidatorWithdrawalVault.updateStaderConfig
FNDA:0,ValidatorWithdrawalVault.updateStaderConfig
DA:146,0
DA:147,0
DA:148,0
FN:151,ValidatorWithdrawalVault.sendValue
FNDA:0,ValidatorWithdrawalVault.sendValue
DA:152,0
BRDA:152,8,0,-
BRDA:152,8,1,-
DA:153,0
DA:157,0
BRDA:157,9,0,-
BRDA:157,9,1,-
DA:158,0
DA:159,0
BRDA:159,10,0,-
BRDA:159,10,1,-
DA:160,0
FN:167,ValidatorWithdrawalVault.getCollateralETH
FNDA:0,ValidatorWithdrawalVault.getCollateralETH
DA:168,0
FN:171,ValidatorWithdrawalVault.getNodeRecipient
FNDA:0,ValidatorWithdrawalVault.getNodeRecipient
DA:172,0
FN:175,ValidatorWithdrawalVault.getUpdatedPenaltyAmount
FNDA:0,ValidatorWithdrawalVault.getUpdatedPenaltyAmount
DA:176,0
DA:177,0
DA:178,0
DA:179,0
DA:180,0
DA:181,0
FN:184,ValidatorWithdrawalVault.isWithdrawnValidator
FNDA:0,ValidatorWithdrawalVault.isWithdrawnValidator
DA:185,0
DA:186,0
DA:187,0
FNF:10
FNH:0
LF:77
LH:0
BRF:22
BRH:0
end_of_record
TN:
SF:contracts/factory/VaultFactory.sol
FN:27,VaultFactory.initialize
FNDA:0,VaultFactory.initialize
DA:28,0
DA:29,0
DA:30,0
DA:32,0
DA:33,0
DA:34,0
DA:36,0
FN:39,VaultFactory.deployWithdrawVault
FNDA:0,VaultFactory.deployWithdrawVault
DA:45,0
DA:46,0
DA:47,0
DA:48,0
DA:50,0
DA:51,0
FN:54,VaultFactory.deployNodeELRewardVault
FNDA:512,VaultFactory.deployNodeELRewardVault
DA:60,512
DA:61,512
DA:62,512
DA:63,512
DA:65,512
DA:66,512
FN:69,VaultFactory.computeWithdrawVaultAddress
FNDA:0,VaultFactory.computeWithdrawVaultAddress
DA:75,0
DA:76,0
FN:79,VaultFactory.computeNodeELRewardVaultAddress
FNDA:256,VaultFactory.computeNodeELRewardVaultAddress
DA:85,256
DA:86,256
FN:89,VaultFactory.getValidatorWithdrawCredential
FNDA:0,VaultFactory.getValidatorWithdrawCredential
DA:90,0
FN:94,VaultFactory.updateStaderConfig
FNDA:0,VaultFactory.updateStaderConfig
DA:95,0
DA:96,0
DA:97,0
FNF:7
FNH:2
LF:27
LH:8
BRF:0
BRH:0
end_of_record
TN:
SF:contracts/library/UtilLib.sol
FN:20,UtilLib.checkNonZeroAddress
FNDA:1543,UtilLib.checkNonZeroAddress
DA:21,1543
BRDA:21,0,0,-
BRDA:21,0,1,1543
FN:25,UtilLib.onlyManagerRole
FNDA:4099,UtilLib.onlyManagerRole
DA:26,4099
BRDA:26,1,0,256
BRDA:26,1,1,3843
DA:27,256
FN:31,UtilLib.onlyOperatorRole
FNDA:0,UtilLib.onlyOperatorRole
DA:32,0
BRDA:32,2,0,-
BRDA:32,2,1,-
DA:33,0
FN:38,UtilLib.onlyStaderContract
FNDA:0,UtilLib.onlyStaderContract
DA:43,0
BRDA:43,3,0,-
BRDA:43,3,1,-
DA:44,0
FN:48,UtilLib.getPubkeyForValidSender
FNDA:0,UtilLib.getPubkeyForValidSender
DA:54,0
DA:55,0
DA:58,0
BRDA:58,4,0,-
BRDA:58,4,1,-
DA:59,0
DA:61,0
FN:64,UtilLib.getOperatorForValidSender
FNDA:261,UtilLib.getOperatorForValidSender
DA:70,261
DA:71,261
DA:74,261
BRDA:74,5,0,256
BRDA:74,5,1,5
DA:75,256
DA:77,5
DA:78,5
FN:81,UtilLib.onlyValidatorWithdrawVault
FNDA:0,UtilLib.onlyValidatorWithdrawVault
DA:87,0
DA:88,0
DA:89,0
BRDA:89,6,0,-
BRDA:89,6,1,-
DA:90,0
FN:94,UtilLib.getNodeRecipientAddressByValidatorId
FNDA:0,UtilLib.getNodeRecipientAddressByValidatorId
DA:99,0
DA:100,0
DA:101,0
FN:104,UtilLib.getNodeRecipientAddressByOperatorId
FNDA:0,UtilLib.getNodeRecipientAddressByOperatorId
DA:109,0
DA:110,0
FN:113,UtilLib.getNodeRecipientAddressByOperator
FNDA:0,UtilLib.getNodeRecipientAddressByOperator
DA:118,0
DA:119,0
DA:120,0
FN:128,UtilLib.getPubkeyRoot
FNDA:0,UtilLib.getPubkeyRoot
DA:129,0
BRDA:129,7,0,-
BRDA:129,7,1,-
DA:130,0
DA:134,0
FN:137,UtilLib.getValidatorSettleStatus
FNDA:0,UtilLib.getValidatorSettleStatus
DA:142,0
DA:143,0
DA:144,0
DA:145,0
DA:146,0
FNF:12
FNH:3
LF:38
LH:9
BRF:16
BRH:5
end_of_record
TN:
SF:test/mocks/ETHDepositMock.sol
FN:74,DepositContract.get_deposit_root
FNDA:0,DepositContract.get_deposit_root
DA:75,0
DA:76,0
DA:77,0
DA:78,0
BRDA:78,0,0,-
BRDA:78,0,1,-
DA:79,0
DA:80,0
DA:82,0
FN:85,DepositContract.get_deposit_count
FNDA:0,DepositContract.get_deposit_count
DA:86,0
FN:89,DepositContract.deposit
FNDA:0,DepositContract.deposit
DA:96,0
BRDA:96,1,0,-
BRDA:96,1,1,-
DA:97,0
BRDA:97,2,0,-
BRDA:97,2,1,-
DA:98,0
BRDA:98,3,0,-
BRDA:98,3,1,-
DA:101,0
BRDA:101,4,0,-
BRDA:101,4,1,-
DA:102,0
BRDA:102,5,0,-
BRDA:102,5,1,-
DA:103,0
DA:104,0
BRDA:104,6,0,-
BRDA:104,6,1,-
DA:107,0
DA:108,0
DA:117,0
DA:118,0
DA:124,0
DA:132,0
BRDA:132,7,0,-
BRDA:132,7,1,-
DA:138,0
BRDA:138,8,0,-
BRDA:138,8,1,-
DA:141,0
DA:142,0
DA:143,0
DA:144,0
BRDA:144,9,0,-
BRDA:144,9,1,-
DA:145,0
DA:146,0
DA:148,0
DA:149,0
DA:153,0
BRDA:153,10,0,-
BRDA:153,10,1,-
FN:156,DepositContract.supportsInterface
FNDA:0,DepositContract.supportsInterface
DA:157,0
FN:160,DepositContract.to_little_endian_64
FNDA:0,DepositContract.to_little_endian_64
DA:161,0
DA:162,0
DA:164,0
DA:165,0
DA:166,0
DA:167,0
DA:168,0
DA:169,0
DA:170,0
DA:171,0
FNF:5
FNH:0
LF:42
LH:0
BRF:22
BRH:0
end_of_record
TN:
SF:test/mocks/NodeRegistryMock.sol
FN:17,NodeRegistryMock.operatorIDByAddress
FNDA:1792,NodeRegistryMock.operatorIDByAddress
DA:18,1792
FN:21,NodeRegistryMock.getOperatorTotalKeys
FNDA:1792,NodeRegistryMock.getOperatorTotalKeys
DA:22,1792
FNF:2
FNH:2
LF:2
LH:2
BRF:0
BRH:0
end_of_record
TN:
SF:test/mocks/PoolUtilsMock.sol
FN:22,PoolUtilsMock.getOperatorPoolId
FNDA:1792,PoolUtilsMock.getOperatorPoolId
DA:23,1792
FN:26,PoolUtilsMock.getNodeRegistry
FNDA:2053,PoolUtilsMock.getNodeRegistry
DA:27,2053
FN:30,PoolUtilsMock.getOperatorTotalNonTerminalKeys
FNDA:1792,PoolUtilsMock.getOperatorTotalNonTerminalKeys
DA:31,1792
FN:34,PoolUtilsMock.isExistingPubkey
FNDA:0,PoolUtilsMock.isExistingPubkey
DA:35,0
FN:38,PoolUtilsMock.isExistingOperator
FNDA:512,PoolUtilsMock.isExistingOperator
DA:39,0
FN:42,PoolUtilsMock.onlyValidName
FNDA:512,PoolUtilsMock.onlyValidName
DA:43,512
BRDA:43,0,0,-
BRDA:43,0,1,512
DA:44,0
DA:46,512
BRDA:46,1,0,-
BRDA:46,1,1,512
DA:47,0
FN:51,PoolUtilsMock.onlyValidKeys
FNDA:0,PoolUtilsMock.onlyValidKeys
DA:56,0
BRDA:56,2,0,-
BRDA:56,2,1,-
DA:57,0
DA:59,0
BRDA:59,3,0,-
BRDA:59,3,1,-
DA:60,0
DA:62,0
BRDA:62,4,0,-
BRDA:62,4,1,-
DA:63,0
DA:65,0
BRDA:65,5,0,-
BRDA:65,5,1,-
DA:66,0
FNF:7
FNH:5
LF:17
LH:5
BRF:12
BRH:2
end_of_record
TN:
SF:test/mocks/StaderOracleMock.sol
FN:5,StaderOracleMock.getSDPriceInETH
FNDA:2565,StaderOracleMock.getSDPriceInETH
DA:6,2565
FNF:1
FNH:1
LF:1
LH:1
BRF:0
BRH:0
end_of_record
TN:
SF:test/mocks/StaderTokenMock.sol
FN:16,StaderTokenMock._afterTokenTransfer
FNDA:5380,StaderTokenMock._afterTokenTransfer
DA:21,5380
FN:24,StaderTokenMock._mint
FNDA:0,StaderTokenMock._mint
DA:25,0
FN:28,StaderTokenMock._burn
FNDA:0,StaderTokenMock._burn
DA:29,0
FNF:3
FNH:1
LF:3
LH:1
BRF:0
BRH:0
end_of_record
TN:
SF:test/mocks/StakePoolManagerMock.sol
FN:6,StakePoolManagerMock.receiveEthFromAuction
FNDA:256,StakePoolManagerMock.receiveEthFromAuction
FNF:1
FNH:1
LF:0
LH:0
BRF:0
BRH:0
end_of_record
