TN:
SF:contracts/Auction.sol
FN:29,Auction.initialize
FNDA:1,Auction.initialize
DA:30,1
DA:31,1
DA:33,1
DA:34,1
DA:35,1
DA:37,1
DA:38,1
DA:39,1
DA:40,1
DA:42,1
DA:43,1
DA:44,1
DA:45,1
FN:48,Auction.createLot
FNDA:3331,Auction.createLot
DA:49,3331
DA:50,3331
DA:51,3331
DA:53,3331
DA:55,3331
BRDA:55,0,0,-
BRDA:55,0,1,3074
DA:56,0
DA:58,3074
FN:61,Auction.addBid
FNDA:3840,Auction.addBid
DA:63,3840
BRDA:63,1,0,61
BRDA:63,1,1,3779
DA:65,3779
DA:66,3779
BRDA:66,2,0,256
BRDA:66,2,1,3523
DA:68,3523
DA:70,3523
BRDA:70,3,0,451
BRDA:70,3,1,3072
DA:72,3072
DA:73,3072
DA:74,3072
DA:76,3072
FN:79,Auction.claimSD
FNDA:1280,Auction.claimSD
DA:80,1280
DA:81,1280
BRDA:81,4,0,512
BRDA:81,4,1,768
DA:82,768
BRDA:82,5,0,256
BRDA:82,5,1,512
DA:83,512
BRDA:83,6,0,256
BRDA:83,6,1,256
DA:85,256
DA:86,256
BRDA:86,7,0,-
BRDA:86,7,1,256
DA:87,0
DA:89,256
FN:92,Auction.transferHighestBidToSSPM
FNDA:1280,Auction.transferHighestBidToSSPM
DA:93,1280
DA:94,1280
DA:96,1280
BRDA:96,8,0,654
BRDA:96,8,1,626
DA:97,626
BRDA:97,9,0,114
BRDA:97,9,1,512
DA:98,512
BRDA:98,10,0,256
BRDA:98,10,1,256
DA:100,256
DA:101,256
DA:102,256
FN:105,Auction.extractNonBidSD
FNDA:1280,Auction.extractNonBidSD
DA:106,1280
DA:107,1280
BRDA:107,11,0,512
BRDA:107,11,1,768
DA:108,768
BRDA:108,12,0,256
BRDA:108,12,1,512
DA:109,512
BRDA:109,13,0,256
BRDA:109,13,1,256
DA:111,256
DA:112,256
DA:113,256
BRDA:113,14,0,-
BRDA:113,14,1,256
DA:114,0
DA:116,256
FN:119,Auction.withdrawUnselectedBid
FNDA:1280,Auction.withdrawUnselectedBid
DA:120,1280
DA:121,1280
BRDA:121,15,0,512
BRDA:121,15,1,768
DA:122,768
BRDA:122,16,0,256
BRDA:122,16,1,512
DA:124,512
DA:125,512
BRDA:125,17,0,256
BRDA:125,17,1,256
DA:127,256
DA:130,256
DA:131,256
BRDA:131,18,0,-
BRDA:131,18,1,256
DA:133,256
FN:137,Auction.updateStaderConfig
FNDA:1,Auction.updateStaderConfig
DA:138,1
DA:139,1
DA:140,1
FN:143,Auction.updateDuration
FNDA:512,Auction.updateDuration
DA:144,512
DA:145,512
BRDA:145,19,0,256
BRDA:145,19,1,256
DA:146,256
DA:147,256
FN:150,Auction.updateBidIncrement
FNDA:256,Auction.updateBidIncrement
DA:151,256
DA:152,256
DA:153,256
FNF:10
FNH:10
LF:73
LH:70
BRF:40
BRH:36
end_of_record
TN:
SF:contracts/ETHx.sol
FN:27,ETHx.initialize
FNDA:1,ETHx.initialize
DA:28,1
DA:29,1
DA:31,1
DA:32,1
DA:33,1
DA:35,1
DA:36,1
FN:44,ETHx.mint
FNDA:1536,ETHx.mint
DA:45,1024
FN:53,ETHx.burnFrom
FNDA:1280,ETHx.burnFrom
DA:54,768
FN:61,ETHx.pause
FNDA:768,ETHx.pause
DA:62,768
DA:63,256
FN:70,ETHx.unpause
FNDA:512,ETHx.unpause
DA:71,256
FN:74,ETHx._beforeTokenTransfer
FNDA:1792,ETHx._beforeTokenTransfer
DA:79,1792
FNF:6
FNH:6
LF:13
LH:13
BRF:0
BRH:0
end_of_record
TN:
SF:contracts/NodeELRewardVault.sol
FN:25,NodeELRewardVault.initialize
FNDA:4871,NodeELRewardVault.initialize
DA:30,4871
DA:32,4871
DA:33,4871
DA:35,4871
DA:36,4871
DA:37,4871
DA:39,4871
DA:40,4871
FN:51,NodeELRewardVault.withdraw
FNDA:512,NodeELRewardVault.withdraw
DA:52,512
DA:53,512
BRDA:53,0,0,256
BRDA:53,0,1,256
DA:54,256
DA:56,256
DA:60,256
DA:61,256
DA:64,256
DA:65,256
BRDA:65,1,0,-
BRDA:65,1,1,-
DA:66,0
DA:69,256
DA:70,256
DA:72,256
FN:76,NodeELRewardVault.updateStaderConfig
FNDA:2,NodeELRewardVault.updateStaderConfig
DA:77,1
DA:78,1
DA:79,1
FNF:3
FNH:3
LF:23
LH:22
BRF:4
BRH:2
end_of_record
TN:
SF:contracts/Penalty.sol
FN:31,Penalty.initialize
FNDA:1,Penalty.initialize
DA:36,1
DA:37,1
DA:38,1
DA:39,1
DA:40,1
DA:42,1
DA:43,1
DA:44,1
DA:45,1
DA:46,1
DA:47,1
DA:49,1
FN:53,Penalty.setAdditionalPenaltyAmount
FNDA:512,Penalty.setAdditionalPenaltyAmount
DA:54,512
DA:55,256
DA:56,2
DA:58,2
FN:62,Penalty.updateMEVTheftPenaltyPerStrike
FNDA:512,Penalty.updateMEVTheftPenaltyPerStrike
DA:63,512
DA:64,256
DA:65,256
FN:69,Penalty.updateMissedAttestationPenaltyPerStrike
FNDA:512,Penalty.updateMissedAttestationPenaltyPerStrike
DA:70,512
DA:71,256
DA:72,256
FN:76,Penalty.updateValidatorExitPenaltyThreshold
FNDA:512,Penalty.updateValidatorExitPenaltyThreshold
DA:77,512
DA:78,256
DA:79,256
FN:83,Penalty.updateRatedOracleAddress
FNDA:768,Penalty.updateRatedOracleAddress
DA:84,768
DA:85,512
DA:86,256
DA:87,256
FN:91,Penalty.updateStaderConfig
FNDA:512,Penalty.updateStaderConfig
DA:92,256
DA:93,256
DA:94,256
FN:98,Penalty.updateTotalPenaltyAmount
FNDA:3,Penalty.updateTotalPenaltyAmount
DA:99,3
DA:100,3
DA:101,3
BRDA:101,0,0,1
BRDA:101,0,1,2
DA:102,1
DA:104,2
DA:106,2
DA:107,2
DA:111,2
DA:112,2
DA:113,2
BRDA:113,1,0,-
BRDA:113,1,1,1
DA:114,1
FN:120,Penalty.calculateMEVTheftPenalty
FNDA:2,Penalty.calculateMEVTheftPenalty
DA:122,4
DA:125,4
FN:129,Penalty.calculateMissedAttestationPenalty
FNDA:1,Penalty.calculateMissedAttestationPenalty
DA:130,3
FN:136,Penalty.getAdditionalPenaltyAmount
FNDA:4,Penalty.getAdditionalPenaltyAmount
DA:137,4
FN:141,Penalty.markValidatorSettled
FNDA:2,Penalty.markValidatorSettled
DA:142,2
DA:143,1
DA:144,1
FNF:12
FNH:12
LF:50
LH:50
BRF:4
BRH:3
end_of_record
TN:
SF:contracts/PermissionedNodeRegistry.sol
FN:65,PermissionedNodeRegistry.initialize
FNDA:0,PermissionedNodeRegistry.initialize
DA:66,0
DA:67,0
DA:68,0
DA:69,0
DA:70,0
DA:71,0
DA:72,0
DA:73,0
DA:74,0
DA:75,0
DA:76,0
DA:77,0
DA:78,0
DA:79,0
FN:87,PermissionedNodeRegistry.whitelistPermissionedNOs
FNDA:0,PermissionedNodeRegistry.whitelistPermissionedNOs
DA:88,0
DA:89,0
DA:90,0
DA:91,0
DA:92,0
DA:93,0
DA:94,0
FN:105,PermissionedNodeRegistry.onboardNodeOperator
FNDA:0,PermissionedNodeRegistry.onboardNodeOperator
DA:111,0
DA:112,0
DA:113,0
DA:114,0
BRDA:114,0,0,-
BRDA:114,0,1,-
DA:115,0
DA:117,0
BRDA:117,1,0,-
BRDA:117,1,1,-
DA:118,0
DA:121,0
BRDA:121,2,0,-
BRDA:121,2,1,-
DA:122,0
DA:124,0
DA:125,0
DA:126,0
FN:136,PermissionedNodeRegistry.addValidatorKeys
FNDA:0,PermissionedNodeRegistry.addValidatorKeys
DA:141,0
DA:142,0
DA:149,0
DA:150,0
DA:151,0
DA:152,0
DA:153,0
DA:159,0
DA:169,0
DA:170,0
DA:171,0
DA:172,0
FN:185,PermissionedNodeRegistry.allocateValidatorsAndUpdateOperatorId
FNDA:0,PermissionedNodeRegistry.allocateValidatorsAndUpdateOperatorId
DA:190,0
DA:192,0
DA:194,0
DA:195,0
DA:196,0
DA:197,0
DA:198,0
BRDA:198,3,0,-
BRDA:198,3,1,-
DA:199,0
DA:200,0
BRDA:200,4,0,-
BRDA:200,4,1,-
DA:201,0
DA:203,0
DA:204,0
DA:205,0
DA:206,0
DA:212,0
BRDA:212,5,0,-
BRDA:212,5,1,-
DA:213,0
DA:214,0
DA:215,0
DA:231,0
BRDA:217,6,0,-
BRDA:217,6,1,-
BRDA:227,7,0,-
BRDA:227,7,1,-
FN:244,PermissionedNodeRegistry.markValidatorReadyToDeposit
FNDA:0,PermissionedNodeRegistry.markValidatorReadyToDeposit
DA:249,0
DA:250,0
DA:251,0
DA:252,0
DA:255,0
BRDA:254,8,0,-
BRDA:254,8,1,-
DA:258,0
DA:262,0
DA:263,0
DA:266,0
DA:267,0
DA:268,0
DA:272,0
DA:273,0
DA:276,0
DA:277,0
DA:278,0
DA:281,0
DA:282,0
DA:283,0
BRDA:283,9,0,-
BRDA:283,9,1,-
DA:284,0
DA:285,0
DA:287,0
FN:295,PermissionedNodeRegistry.withdrawnValidators
FNDA:0,PermissionedNodeRegistry.withdrawnValidators
DA:296,0
DA:297,0
DA:298,0
BRDA:298,10,0,-
BRDA:298,10,1,-
DA:299,0
DA:301,0
DA:302,0
DA:303,0
BRDA:303,11,0,-
BRDA:303,11,1,-
DA:304,0
DA:306,0
DA:307,0
DA:308,0
DA:309,0
DA:311,0
FN:319,PermissionedNodeRegistry.deactivateNodeOperator
FNDA:0,PermissionedNodeRegistry.deactivateNodeOperator
DA:320,0
DA:321,0
BRDA:321,12,0,-
BRDA:321,12,1,-
DA:322,0
DA:324,0
FN:332,PermissionedNodeRegistry.activateNodeOperator
FNDA:0,PermissionedNodeRegistry.activateNodeOperator
DA:333,0
DA:334,0
BRDA:334,13,0,-
BRDA:334,13,1,-
DA:335,0
DA:337,0
FN:346,PermissionedNodeRegistry.updateQueuedValidatorIndex
FNDA:0,PermissionedNodeRegistry.updateQueuedValidatorIndex
DA:347,0
DA:348,0
DA:349,0
FN:357,PermissionedNodeRegistry.updateDepositStatusAndBlock
FNDA:0,PermissionedNodeRegistry.updateDepositStatusAndBlock
DA:358,0
DA:359,0
DA:360,0
DA:361,0
FN:369,PermissionedNodeRegistry.markValidatorStatusAsPreDeposit
FNDA:0,PermissionedNodeRegistry.markValidatorStatusAsPreDeposit
DA:370,0
DA:371,0
DA:372,0
DA:373,0
FN:382,PermissionedNodeRegistry.updateOperatorDetails
FNDA:0,PermissionedNodeRegistry.updateOperatorDetails
DA:383,0
DA:384,0
DA:385,0
DA:386,0
DA:387,0
DA:388,0
DA:389,0
FN:397,PermissionedNodeRegistry.updateMaxNonTerminalKeyPerOperator
FNDA:0,PermissionedNodeRegistry.updateMaxNonTerminalKeyPerOperator
DA:398,0
DA:399,0
DA:400,0
FN:408,PermissionedNodeRegistry.updateInputKeyCountLimit
FNDA:0,PermissionedNodeRegistry.updateInputKeyCountLimit
DA:409,0
DA:410,0
DA:411,0
FN:419,PermissionedNodeRegistry.updateVerifiedKeysBatchSize
FNDA:0,PermissionedNodeRegistry.updateVerifiedKeysBatchSize
DA:420,0
DA:421,0
DA:422,0
FN:430,PermissionedNodeRegistry.updateMaxOperatorId
FNDA:0,PermissionedNodeRegistry.updateMaxOperatorId
DA:431,0
DA:432,0
DA:433,0
FN:440,PermissionedNodeRegistry.updateStaderConfig
FNDA:0,PermissionedNodeRegistry.updateStaderConfig
DA:441,0
DA:442,0
DA:443,0
FN:447,PermissionedNodeRegistry.getSocializingPoolStateChangeBlock
FNDA:0,PermissionedNodeRegistry.getSocializingPoolStateChangeBlock
DA:448,0
FN:456,PermissionedNodeRegistry.increaseTotalActiveValidatorCount
FNDA:0,PermissionedNodeRegistry.increaseTotalActiveValidatorCount
DA:457,0
DA:458,0
DA:459,0
FN:467,PermissionedNodeRegistry.getTotalQueuedValidatorCount
FNDA:0,PermissionedNodeRegistry.getTotalQueuedValidatorCount
DA:468,0
DA:469,0
DA:470,0
BRDA:470,14,0,-
BRDA:470,14,1,-
DA:471,0
DA:474,0
FN:482,PermissionedNodeRegistry.getTotalActiveValidatorCount
FNDA:0,PermissionedNodeRegistry.getTotalActiveValidatorCount
DA:483,0
FN:491,PermissionedNodeRegistry.getOperatorTotalKeys
FNDA:0,PermissionedNodeRegistry.getOperatorTotalKeys
DA:492,0
FN:500,PermissionedNodeRegistry.getOperatorTotalNonTerminalKeys
FNDA:0,PermissionedNodeRegistry.getOperatorTotalNonTerminalKeys
DA:505,0
BRDA:505,15,0,-
BRDA:505,15,1,-
DA:506,0
DA:508,0
DA:509,0
DA:510,0
DA:511,0
DA:512,0
DA:513,0
DA:514,0
BRDA:514,16,0,-
BRDA:514,16,1,-
DA:515,0
DA:518,0
FN:521,PermissionedNodeRegistry.getCollateralETH
FNDA:0,PermissionedNodeRegistry.getCollateralETH
DA:522,0
FN:529,PermissionedNodeRegistry.getOperatorRewardAddress
FNDA:0,PermissionedNodeRegistry.getOperatorRewardAddress
DA:530,0
FN:537,PermissionedNodeRegistry.pause
FNDA:0,PermissionedNodeRegistry.pause
DA:538,0
DA:539,0
FN:546,PermissionedNodeRegistry.unpause
FNDA:0,PermissionedNodeRegistry.unpause
DA:547,0
DA:548,0
FN:559,PermissionedNodeRegistry.getAllActiveValidators
FNDA:0,PermissionedNodeRegistry.getAllActiveValidators
DA:565,0
BRDA:565,17,0,-
BRDA:565,17,1,-
DA:566,0
DA:568,0
DA:569,0
DA:570,0
DA:571,0
DA:572,0
DA:573,0
DA:574,0
BRDA:574,18,0,-
BRDA:574,18,1,-
DA:575,0
DA:576,0
DA:584,0
FN:588,PermissionedNodeRegistry.isExistingPubkey
FNDA:0,PermissionedNodeRegistry.isExistingPubkey
DA:589,0
FN:593,PermissionedNodeRegistry.isExistingOperator
FNDA:0,PermissionedNodeRegistry.isExistingOperator
DA:594,0
FN:598,PermissionedNodeRegistry.onlyPreDepositValidator
FNDA:0,PermissionedNodeRegistry.onlyPreDepositValidator
DA:599,0
DA:600,0
FN:603,PermissionedNodeRegistry.onboardOperator
FNDA:0,PermissionedNodeRegistry.onboardOperator
DA:604,0
DA:605,0
DA:606,0
DA:607,0
DA:608,0
DA:609,0
FN:613,PermissionedNodeRegistry.handleFrontRun
FNDA:0,PermissionedNodeRegistry.handleFrontRun
DA:614,0
DA:615,0
DA:616,0
BRDA:616,19,0,-
BRDA:616,19,1,-
DA:617,0
FN:622,PermissionedNodeRegistry.getOperatorQueuedValidatorCount
FNDA:0,PermissionedNodeRegistry.getOperatorQueuedValidatorCount
DA:623,0
FN:629,PermissionedNodeRegistry.checkInputKeysCountAndCollateral
FNDA:0,PermissionedNodeRegistry.checkInputKeysCountAndCollateral
DA:635,0
BRDA:635,20,0,-
BRDA:635,20,1,-
DA:636,0
DA:638,0
DA:639,0
BRDA:639,21,0,-
BRDA:639,21,1,-
DA:640,0
DA:642,0
DA:643,0
DA:644,0
BRDA:644,22,0,-
BRDA:644,22,1,-
DA:645,0
DA:651,0
BRDA:650,23,0,-
BRDA:650,23,1,-
DA:657,0
FN:662,PermissionedNodeRegistry.onlyActiveOperator
FNDA:0,PermissionedNodeRegistry.onlyActiveOperator
DA:663,0
DA:664,0
BRDA:664,24,0,-
BRDA:664,24,1,-
DA:665,0
DA:667,0
BRDA:667,25,0,-
BRDA:667,25,1,-
DA:668,0
FN:674,PermissionedNodeRegistry.isActiveValidator
FNDA:0,PermissionedNodeRegistry.isActiveValidator
DA:675,0
DA:676,0
FN:680,PermissionedNodeRegistry.isNonTerminalValidator
FNDA:0,PermissionedNodeRegistry.isNonTerminalValidator
DA:681,0
DA:682,0
FN:689,PermissionedNodeRegistry.decreaseTotalActiveValidatorCount
FNDA:0,PermissionedNodeRegistry.decreaseTotalActiveValidatorCount
DA:690,0
DA:691,0
FN:694,PermissionedNodeRegistry.onlyPreDepositValidator
FNDA:0,PermissionedNodeRegistry.onlyPreDepositValidator
DA:695,0
BRDA:695,26,0,-
BRDA:695,26,1,-
DA:696,0
FN:700,PermissionedNodeRegistry.markValidatorDeposited
FNDA:0,PermissionedNodeRegistry.markValidatorDeposited
DA:701,0
FN:704,PermissionedNodeRegistry._deactivateNodeOperator
FNDA:0,PermissionedNodeRegistry._deactivateNodeOperator
DA:705,0
DA:706,0
DA:707,0
FN:710,PermissionedNodeRegistry._activateNodeOperator
FNDA:0,PermissionedNodeRegistry._activateNodeOperator
DA:711,0
DA:712,0
DA:713,0
FNF:44
FNH:0
LF:226
LH:0
BRF:54
BRH:0
end_of_record
TN:
SF:contracts/PermissionedPool.sol
FN:42,PermissionedPool.initialize
FNDA:0,PermissionedPool.initialize
DA:43,0
DA:44,0
DA:45,0
DA:46,0
DA:47,0
DA:48,0
FN:57,PermissionedPool.
FNDA:0,PermissionedPool.
DA:58,0
FN:61,PermissionedPool.receiveInsuranceFund
FNDA:0,PermissionedPool.receiveInsuranceFund
DA:62,0
DA:63,0
FN:67,PermissionedPool.transferETHOfDefectiveKeysToSSPM
FNDA:0,PermissionedPool.transferETHOfDefectiveKeysToSSPM
DA:68,0
DA:70,0
DA:72,0
DA:77,0
DA:79,0
DA:82,0
FN:89,PermissionedPool.stakeUserETHToBeaconChain
FNDA:0,PermissionedPool.stakeUserETHToBeaconChain
DA:90,0
DA:91,0
DA:92,0
DA:93,0
DA:94,0
DA:95,0
DA:99,0
DA:100,0
DA:101,0
DA:102,0
BRDA:102,0,0,-
BRDA:102,0,1,-
DA:103,0
DA:105,0
DA:106,0
DA:110,0
DA:111,0
DA:112,0
DA:114,0
DA:115,0
DA:117,0
DA:122,0
FN:126,PermissionedPool.fullDepositOnBeaconChain
FNDA:0,PermissionedPool.fullDepositOnBeaconChain
DA:127,0
DA:128,0
DA:129,0
DA:130,0
DA:131,0
DA:133,0
DA:134,0
DA:135,0
DA:136,0
DA:137,0
DA:140,0
DA:143,0
DA:144,0
DA:152,0
DA:158,0
DA:159,0
FN:167,PermissionedPool.transferExcessETHToSSPM
FNDA:0,PermissionedPool.transferExcessETHToSSPM
DA:168,0
BRDA:168,1,0,-
BRDA:168,1,1,-
DA:169,0
DA:171,0
FN:179,PermissionedPool.getTotalQueuedValidatorCount
FNDA:0,PermissionedPool.getTotalQueuedValidatorCount
DA:180,0
FN:186,PermissionedPool.getTotalActiveValidatorCount
FNDA:0,PermissionedPool.getTotalActiveValidatorCount
DA:187,0
FN:193,PermissionedPool.getOperatorTotalNonTerminalKeys
FNDA:0,PermissionedPool.getOperatorTotalNonTerminalKeys
DA:198,0
FN:207,PermissionedPool.getSocializingPoolAddress
FNDA:0,PermissionedPool.getSocializingPoolAddress
DA:208,0
FN:211,PermissionedPool.getCollateralETH
FNDA:0,PermissionedPool.getCollateralETH
DA:212,0
FN:215,PermissionedPool.getNodeRegistry
FNDA:0,PermissionedPool.getNodeRegistry
DA:216,0
FN:220,PermissionedPool.isExistingPubkey
FNDA:0,PermissionedPool.isExistingPubkey
DA:221,0
FN:225,PermissionedPool.isExistingOperator
FNDA:0,PermissionedPool.isExistingOperator
DA:226,0
FN:230,PermissionedPool.setCommissionFees
FNDA:0,PermissionedPool.setCommissionFees
DA:231,0
DA:232,0
BRDA:232,2,0,-
BRDA:232,2,1,-
DA:233,0
DA:235,0
BRDA:235,3,0,-
BRDA:235,3,1,-
DA:236,0
DA:238,0
BRDA:238,4,0,-
BRDA:238,4,1,-
DA:239,0
DA:242,0
DA:243,0
DA:245,0
FN:249,PermissionedPool.updateStaderConfig
FNDA:0,PermissionedPool.updateStaderConfig
DA:250,0
DA:251,0
DA:252,0
FN:257,PermissionedPool.computeDepositDataRoot
FNDA:0,PermissionedPool.computeDepositDataRoot
DA:263,0
DA:264,0
DA:265,0
DA:271,0
FN:280,PermissionedPool.increasePreDepositValidatorCount
FNDA:0,PermissionedPool.increasePreDepositValidatorCount
DA:281,0
FN:284,PermissionedPool.decreasePreDepositValidatorCount
FNDA:0,PermissionedPool.decreasePreDepositValidatorCount
DA:285,0
FN:289,PermissionedPool.preDepositOnBeaconChain
FNDA:0,PermissionedPool.preDepositOnBeaconChain
DA:295,0
DA:299,0
DA:302,0
DA:303,0
DA:311,0
DA:317,0
DA:318,0
FN:322,PermissionedPool.to_little_endian_64
FNDA:0,PermissionedPool.to_little_endian_64
DA:323,0
DA:325,0
DA:326,0
DA:328,0
DA:329,0
DA:330,0
DA:331,0
DA:332,0
DA:333,0
DA:334,0
DA:335,0
FNF:22
FNH:0
LF:99
LH:0
BRF:10
BRH:0
end_of_record
TN:
SF:contracts/PermissionlessNodeRegistry.sol
FN:65,PermissionlessNodeRegistry.initialize
FNDA:1,PermissionlessNodeRegistry.initialize
DA:66,1
DA:67,1
DA:68,1
DA:69,1
DA:70,1
DA:71,1
DA:72,1
DA:73,1
DA:74,1
DA:75,1
DA:76,1
DA:77,1
FN:88,PermissionlessNodeRegistry.onboardNodeOperator
FNDA:5382,PermissionlessNodeRegistry.onboardNodeOperator
DA:93,5126
DA:94,5126
DA:95,5126
DA:98,5126
BRDA:98,0,0,256
BRDA:98,0,1,4870
DA:99,256
DA:102,4870
DA:106,4870
DA:107,4870
DA:110,4870
DA:111,4870
FN:121,PermissionlessNodeRegistry.addValidatorKeys
FNDA:518,PermissionlessNodeRegistry.addValidatorKeys
DA:126,518
DA:127,518
DA:134,513
DA:135,513
DA:136,513
DA:137,1025
DA:138,1025
DA:144,1025
DA:155,1025
DA:156,1025
DA:157,1025
DA:158,1025
DA:162,513
FN:176,PermissionlessNodeRegistry.markValidatorReadyToDeposit
FNDA:0,PermissionlessNodeRegistry.markValidatorReadyToDeposit
DA:181,0
DA:182,0
DA:183,0
DA:184,0
DA:186,0
BRDA:185,1,0,-
BRDA:185,1,1,-
DA:189,0
DA:191,0
DA:192,0
DA:193,0
DA:194,0
DA:195,0
DA:198,0
BRDA:198,2,0,-
BRDA:198,2,1,-
DA:199,0
DA:203,0
DA:204,0
DA:205,0
DA:206,0
DA:207,0
DA:210,0
DA:211,0
DA:212,0
DA:213,0
DA:214,0
FN:223,PermissionlessNodeRegistry.withdrawnValidators
FNDA:0,PermissionlessNodeRegistry.withdrawnValidators
DA:224,0
DA:225,0
DA:226,0
BRDA:226,3,0,-
BRDA:226,3,1,-
DA:227,0
DA:229,0
DA:230,0
DA:231,0
BRDA:231,4,0,-
BRDA:231,4,1,-
DA:232,0
DA:234,0
DA:235,0
DA:236,0
DA:238,0
DA:240,0
FN:248,PermissionlessNodeRegistry.updateNextQueuedValidatorIndex
FNDA:256,PermissionlessNodeRegistry.updateNextQueuedValidatorIndex
DA:249,256
DA:250,256
DA:251,256
FN:259,PermissionlessNodeRegistry.updateDepositStatusAndBlock
FNDA:0,PermissionlessNodeRegistry.updateDepositStatusAndBlock
DA:260,0
DA:261,0
DA:262,0
DA:263,0
FN:267,PermissionlessNodeRegistry.changeSocializingPoolState
FNDA:768,PermissionlessNodeRegistry.changeSocializingPoolState
DA:272,768
DA:273,768
BRDA:273,5,0,256
BRDA:273,5,1,512
DA:274,256
DA:278,512
BRDA:277,6,0,256
BRDA:277,6,1,256
DA:281,256
DA:283,256
DA:284,256
BRDA:284,7,0,-
BRDA:284,7,1,-
DA:285,0
BRDA:285,8,0,-
BRDA:285,8,1,-
DA:286,0
DA:288,0
DA:290,256
DA:291,256
DA:292,256
FN:296,PermissionlessNodeRegistry.getSocializingPoolStateChangeBlock
FNDA:256,PermissionlessNodeRegistry.getSocializingPoolStateChangeBlock
DA:297,256
FN:305,PermissionlessNodeRegistry.updateInputKeyCountLimit
FNDA:512,PermissionlessNodeRegistry.updateInputKeyCountLimit
DA:306,512
DA:307,256
DA:308,256
FN:316,PermissionlessNodeRegistry.updateMaxNonTerminalKeyPerOperator
FNDA:513,PermissionlessNodeRegistry.updateMaxNonTerminalKeyPerOperator
DA:317,513
DA:318,257
DA:319,257
FN:327,PermissionlessNodeRegistry.updateVerifiedKeysBatchSize
FNDA:512,PermissionlessNodeRegistry.updateVerifiedKeysBatchSize
DA:328,512
DA:329,256
DA:330,256
FN:334,PermissionlessNodeRegistry.updateStaderConfig
FNDA:512,PermissionlessNodeRegistry.updateStaderConfig
DA:335,256
DA:336,256
DA:337,256
FN:346,PermissionlessNodeRegistry.updateOperatorDetails
FNDA:1024,PermissionlessNodeRegistry.updateOperatorDetails
DA:347,1024
DA:348,768
DA:349,512
DA:350,256
DA:351,256
DA:352,256
DA:353,256
FN:361,PermissionlessNodeRegistry.increaseTotalActiveValidatorCount
FNDA:512,PermissionlessNodeRegistry.increaseTotalActiveValidatorCount
DA:362,512
DA:363,256
DA:364,256
FN:372,PermissionlessNodeRegistry.transferCollateralToPool
FNDA:512,PermissionlessNodeRegistry.transferCollateralToPool
DA:373,512
DA:374,256
DA:375,256
FN:383,PermissionlessNodeRegistry.getOperatorTotalNonTerminalKeys
FNDA:512,PermissionlessNodeRegistry.getOperatorTotalNonTerminalKeys
DA:388,1028
BRDA:388,9,0,256
BRDA:388,9,1,772
DA:389,256
DA:391,772
DA:392,772
DA:393,772
DA:394,772
DA:395,772
DA:396,105
DA:397,105
BRDA:397,10,0,105
BRDA:397,10,1,105
DA:398,105
DA:401,772
FN:409,PermissionlessNodeRegistry.getOperatorTotalKeys
FNDA:512,PermissionlessNodeRegistry.getOperatorTotalKeys
DA:410,1800
FN:417,PermissionlessNodeRegistry.getTotalQueuedValidatorCount
FNDA:0,PermissionlessNodeRegistry.getTotalQueuedValidatorCount
DA:418,0
FN:425,PermissionlessNodeRegistry.getTotalActiveValidatorCount
FNDA:0,PermissionlessNodeRegistry.getTotalActiveValidatorCount
DA:426,0
FN:429,PermissionlessNodeRegistry.getCollateralETH
FNDA:1,PermissionlessNodeRegistry.getCollateralETH
DA:430,1
FN:437,PermissionlessNodeRegistry.getOperatorRewardAddress
FNDA:0,PermissionlessNodeRegistry.getOperatorRewardAddress
DA:438,0
FN:445,PermissionlessNodeRegistry.pause
FNDA:256,PermissionlessNodeRegistry.pause
DA:446,256
DA:447,256
FN:454,PermissionlessNodeRegistry.unpause
FNDA:256,PermissionlessNodeRegistry.unpause
DA:455,256
DA:456,256
FN:467,PermissionlessNodeRegistry.getAllActiveValidators
FNDA:0,PermissionlessNodeRegistry.getAllActiveValidators
DA:473,0
BRDA:473,11,0,-
BRDA:473,11,1,-
DA:474,0
DA:476,0
DA:477,0
DA:478,0
DA:479,0
DA:480,0
DA:481,0
DA:482,0
BRDA:482,12,0,-
BRDA:482,12,1,-
DA:483,0
DA:484,0
DA:492,0
FN:503,PermissionlessNodeRegistry.getAllSocializingPoolOptOutOperators
FNDA:512,PermissionlessNodeRegistry.getAllSocializingPoolOptOutOperators
DA:509,512
BRDA:509,13,0,256
BRDA:509,13,1,256
DA:510,256
DA:512,256
DA:513,256
DA:514,256
DA:515,256
DA:516,256
DA:517,256
DA:518,152
BRDA:518,14,0,-
BRDA:518,14,1,152
DA:519,152
DA:520,152
DA:529,256
FN:533,PermissionlessNodeRegistry.isExistingPubkey
FNDA:1,PermissionlessNodeRegistry.isExistingPubkey
DA:534,1
FN:538,PermissionlessNodeRegistry.isExistingOperator
FNDA:256,PermissionlessNodeRegistry.isExistingOperator
DA:539,256
FN:542,PermissionlessNodeRegistry.onboardOperator
FNDA:4870,PermissionlessNodeRegistry.onboardOperator
DA:547,4870
DA:554,4870
DA:555,4870
DA:556,4870
DA:558,4870
FN:562,PermissionlessNodeRegistry.markKeyReadyToDeposit
FNDA:0,PermissionlessNodeRegistry.markKeyReadyToDeposit
DA:563,0
DA:564,0
DA:565,0
FN:569,PermissionlessNodeRegistry.handleFrontRun
FNDA:0,PermissionlessNodeRegistry.handleFrontRun
DA:570,0
DA:571,0
DA:572,0
FN:577,PermissionlessNodeRegistry.handleInvalidSignature
FNDA:0,PermissionlessNodeRegistry.handleInvalidSignature
DA:578,0
DA:579,0
DA:580,0
DA:581,0
FN:587,PermissionlessNodeRegistry.checkInputKeysCountAndCollateral
FNDA:518,PermissionlessNodeRegistry.checkInputKeysCountAndCollateral
DA:593,518
BRDA:593,15,0,1
BRDA:593,15,1,517
DA:594,1
DA:596,517
DA:597,517
BRDA:597,16,0,1
BRDA:597,16,1,516
DA:598,1
DA:601,516
DA:602,516
DA:603,516
BRDA:603,17,0,1
BRDA:603,17,1,515
DA:604,1
DA:608,515
BRDA:608,18,0,1
BRDA:608,18,1,514
DA:609,1
DA:613,514
BRDA:612,19,0,1
BRDA:612,19,1,513
DA:619,1
FN:624,PermissionlessNodeRegistry.onlyActiveOperator
FNDA:1798,PermissionlessNodeRegistry.onlyActiveOperator
DA:625,1798
DA:626,1798
BRDA:626,20,0,256
BRDA:626,20,1,1542
DA:627,256
DA:629,1542
BRDA:629,21,0,-
BRDA:629,21,1,1542
DA:630,0
FN:635,PermissionlessNodeRegistry.isNonTerminalValidator
FNDA:105,PermissionlessNodeRegistry.isNonTerminalValidator
DA:636,105
DA:637,105
FN:645,PermissionlessNodeRegistry.isActiveValidator
FNDA:0,PermissionlessNodeRegistry.isActiveValidator
DA:646,0
DA:647,0
FN:651,PermissionlessNodeRegistry.decreaseTotalActiveValidatorCount
FNDA:0,PermissionlessNodeRegistry.decreaseTotalActiveValidatorCount
DA:652,0
DA:653,0
FN:656,PermissionlessNodeRegistry.onlyInitializedValidator
FNDA:0,PermissionlessNodeRegistry.onlyInitializedValidator
DA:657,0
BRDA:657,22,0,-
BRDA:657,22,1,-
DA:658,0
FN:662,PermissionlessNodeRegistry.markValidatorDeposited
FNDA:0,PermissionlessNodeRegistry.markValidatorDeposited
DA:663,0
FNF:39
FNH:25
LF:205
LH:129
BRF:46
BRH:26
end_of_record
TN:
SF:contracts/PermissionlessPool.sol
FN:39,PermissionlessPool.initialize
FNDA:0,PermissionlessPool.initialize
DA:40,0
DA:41,0
DA:42,0
DA:43,0
DA:44,0
DA:45,0
FN:54,PermissionlessPool.
FNDA:0,PermissionlessPool.
DA:55,0
FN:59,PermissionlessPool.receiveRemainingCollateralETH
FNDA:0,PermissionlessPool.receiveRemainingCollateralETH
DA:60,0
DA:61,0
FN:65,PermissionlessPool.setCommissionFees
FNDA:0,PermissionlessPool.setCommissionFees
DA:66,0
DA:67,0
BRDA:67,0,0,-
BRDA:67,0,1,-
DA:68,0
DA:70,0
BRDA:70,1,0,-
BRDA:70,1,1,-
DA:71,0
DA:73,0
BRDA:73,2,0,-
BRDA:73,2,1,-
DA:74,0
DA:77,0
DA:78,0
DA:80,0
FN:91,PermissionlessPool.preDepositOnBeaconChain
FNDA:0,PermissionlessPool.preDepositOnBeaconChain
DA:97,0
DA:98,0
DA:99,0
DA:100,0
DA:101,0
DA:106,0
DA:108,0
DA:115,0
DA:121,0
FN:129,PermissionlessPool.stakeUserETHToBeaconChain
FNDA:0,PermissionlessPool.stakeUserETHToBeaconChain
DA:130,0
DA:131,0
DA:132,0
DA:133,0
DA:137,0
DA:138,0
DA:139,0
DA:140,0
DA:141,0
DA:142,0
DA:150,0
DA:153,0
FN:157,PermissionlessPool.getSocializingPoolAddress
FNDA:0,PermissionlessPool.getSocializingPoolAddress
DA:158,0
FN:164,PermissionlessPool.getTotalQueuedValidatorCount
FNDA:0,PermissionlessPool.getTotalQueuedValidatorCount
DA:165,0
FN:171,PermissionlessPool.getTotalActiveValidatorCount
FNDA:0,PermissionlessPool.getTotalActiveValidatorCount
DA:172,0
FN:176,PermissionlessPool.getAllSocializingPoolOptOutOperators
FNDA:0,PermissionlessPool.getAllSocializingPoolOptOutOperators
DA:181,0
FN:189,PermissionlessPool.getOperatorTotalNonTerminalKeys
FNDA:0,PermissionlessPool.getOperatorTotalNonTerminalKeys
DA:194,0
FN:202,PermissionlessPool.getCollateralETH
FNDA:0,PermissionlessPool.getCollateralETH
DA:203,0
FN:206,PermissionlessPool.getNodeRegistry
FNDA:0,PermissionlessPool.getNodeRegistry
DA:207,0
FN:211,PermissionlessPool.isExistingPubkey
FNDA:0,PermissionlessPool.isExistingPubkey
DA:212,0
FN:216,PermissionlessPool.isExistingOperator
FNDA:0,PermissionlessPool.isExistingOperator
DA:217,0
FN:221,PermissionlessPool.updateStaderConfig
FNDA:0,PermissionlessPool.updateStaderConfig
DA:222,0
DA:223,0
DA:224,0
FN:229,PermissionlessPool.computeDepositDataRoot
FNDA:0,PermissionlessPool.computeDepositDataRoot
DA:235,0
DA:236,0
DA:237,0
DA:243,0
FN:252,PermissionlessPool.fullDepositOnBeaconChain
FNDA:0,PermissionlessPool.fullDepositOnBeaconChain
DA:259,0
DA:263,0
DA:267,0
DA:273,0
DA:279,0
DA:280,0
FN:284,PermissionlessPool.to_little_endian_64
FNDA:0,PermissionlessPool.to_little_endian_64
DA:285,0
DA:287,0
DA:288,0
DA:290,0
DA:291,0
DA:292,0
DA:293,0
DA:294,0
DA:295,0
DA:296,0
DA:297,0
FNF:19
FNH:0
LF:73
LH:0
BRF:6
BRH:0
end_of_record
TN:
SF:contracts/PoolSelector.sol
FN:36,PoolSelector.initialize
FNDA:0,PoolSelector.initialize
DA:37,0
DA:38,0
DA:39,0
DA:40,0
DA:41,0
DA:42,0
FN:50,PoolSelector.computePoolAllocationForDeposit
FNDA:0,PoolSelector.computePoolAllocationForDeposit
DA:56,0
DA:57,0
DA:58,0
DA:59,0
DA:60,0
DA:61,0
DA:62,0
DA:63,0
FN:76,PoolSelector.poolAllocationForExcessETHDeposit
FNDA:0,PoolSelector.poolAllocationForExcessETHDeposit
DA:81,0
DA:82,0
DA:83,0
DA:84,0
DA:85,0
DA:86,0
DA:87,0
DA:88,0
DA:89,0
DA:90,0
DA:91,0
DA:92,0
DA:93,0
DA:94,0
DA:98,0
DA:99,0
DA:100,0
DA:103,0
BRDA:103,0,0,-
BRDA:103,0,1,-
DA:104,0
DA:105,0
FN:116,PoolSelector.updatePoolWeights
FNDA:0,PoolSelector.updatePoolWeights
DA:117,0
DA:118,0
DA:119,0
DA:120,0
DA:122,0
BRDA:122,1,0,-
BRDA:122,1,1,-
DA:123,0
DA:126,0
DA:127,0
DA:128,0
DA:129,0
DA:130,0
DA:132,0
BRDA:132,2,0,-
BRDA:132,2,1,-
DA:133,0
FN:137,PoolSelector.updatePoolAllocationMaxSize
FNDA:0,PoolSelector.updatePoolAllocationMaxSize
DA:138,0
DA:139,0
DA:140,0
FN:144,PoolSelector.updateStaderConfig
FNDA:0,PoolSelector.updateStaderConfig
DA:145,0
DA:146,0
DA:147,0
FNF:6
FNH:0
LF:53
LH:0
BRF:6
BRH:0
end_of_record
TN:
SF:contracts/PoolUtils.sol
FN:25,PoolUtils.initialize
FNDA:0,PoolUtils.initialize
DA:26,0
DA:27,0
DA:28,0
DA:29,0
DA:31,0
FN:40,PoolUtils.addNewPool
FNDA:0,PoolUtils.addNewPool
DA:41,0
DA:42,0
DA:43,0
DA:44,0
DA:45,0
DA:46,0
FN:55,PoolUtils.updatePoolAddress
FNDA:0,PoolUtils.updatePoolAddress
DA:61,0
DA:62,0
DA:63,0
DA:64,0
FN:72,PoolUtils.processValidatorExitList
FNDA:0,PoolUtils.processValidatorExitList
DA:73,0
DA:74,0
DA:75,0
DA:76,0
FN:81,PoolUtils.updateStaderConfig
FNDA:0,PoolUtils.updateStaderConfig
DA:82,0
DA:83,0
DA:84,0
FN:88,PoolUtils.getProtocolFee
FNDA:0,PoolUtils.getProtocolFee
DA:89,0
FN:93,PoolUtils.getOperatorFee
FNDA:0,PoolUtils.getOperatorFee
DA:94,0
FN:98,PoolUtils.getTotalActiveValidatorCount
FNDA:0,PoolUtils.getTotalActiveValidatorCount
DA:99,0
DA:100,0
DA:101,0
DA:102,0
DA:105,0
FN:109,PoolUtils.getQueuedValidatorCountByPool
FNDA:0,PoolUtils.getQueuedValidatorCountByPool
DA:116,0
DA:117,0
FN:121,PoolUtils.getActiveValidatorCountByPool
FNDA:0,PoolUtils.getActiveValidatorCountByPool
DA:128,0
DA:129,0
FN:133,PoolUtils.getSocializingPoolAddress
FNDA:0,PoolUtils.getSocializingPoolAddress
DA:140,0
FN:144,PoolUtils.getOperatorTotalNonTerminalKeys
FNDA:0,PoolUtils.getOperatorTotalNonTerminalKeys
DA:150,0
DA:151,0
FN:154,PoolUtils.getCollateralETH
FNDA:0,PoolUtils.getCollateralETH
DA:155,0
DA:156,0
FN:159,PoolUtils.getNodeRegistry
FNDA:0,PoolUtils.getNodeRegistry
DA:160,0
FN:163,PoolUtils.isExistingPubkey
FNDA:0,PoolUtils.isExistingPubkey
DA:164,0
DA:165,0
DA:166,0
DA:167,0
BRDA:167,0,0,-
BRDA:167,0,1,-
DA:168,0
DA:171,0
FN:174,PoolUtils.isExistingOperator
FNDA:0,PoolUtils.isExistingOperator
DA:175,0
DA:176,0
DA:177,0
DA:178,0
BRDA:178,1,0,-
BRDA:178,1,1,-
DA:179,0
DA:182,0
FN:185,PoolUtils.getOperatorPoolId
FNDA:0,PoolUtils.getOperatorPoolId
DA:186,0
DA:187,0
DA:188,0
DA:189,0
BRDA:189,2,0,-
BRDA:189,2,1,-
DA:190,0
DA:193,0
FN:196,PoolUtils.getValidatorPoolId
FNDA:0,PoolUtils.getValidatorPoolId
DA:197,0
DA:198,0
DA:199,0
DA:200,0
BRDA:200,3,0,-
BRDA:200,3,1,-
DA:201,0
DA:204,0
FN:207,PoolUtils.getPoolIdArray
FNDA:0,PoolUtils.getPoolIdArray
DA:208,0
FN:212,PoolUtils.onlyValidName
FNDA:0,PoolUtils.onlyValidName
DA:213,0
BRDA:213,4,0,-
BRDA:213,4,1,-
DA:214,0
DA:216,0
BRDA:216,5,0,-
BRDA:216,5,1,-
DA:217,0
FN:222,PoolUtils.onlyValidKeys
FNDA:0,PoolUtils.onlyValidKeys
DA:227,0
BRDA:227,6,0,-
BRDA:227,6,1,-
DA:228,0
DA:230,0
BRDA:230,7,0,-
BRDA:230,7,1,-
DA:231,0
DA:233,0
BRDA:233,8,0,-
BRDA:233,8,1,-
DA:234,0
DA:236,0
BRDA:236,9,0,-
BRDA:236,9,1,-
DA:237,0
FN:242,PoolUtils.calculateRewardShare
FNDA:0,PoolUtils.calculateRewardShare
DA:252,0
DA:253,0
DA:254,0
DA:255,0
DA:256,0
DA:258,0
DA:260,0
DA:262,0
DA:263,0
DA:265,0
FN:268,PoolUtils.isExistingPoolId
FNDA:0,PoolUtils.isExistingPoolId
DA:269,0
DA:270,0
DA:271,0
BRDA:271,10,0,-
BRDA:271,10,1,-
DA:272,0
DA:275,0
FN:278,PoolUtils.verifyNewPool
FNDA:0,PoolUtils.verifyNewPool
DA:279,0
BRDA:279,11,0,-
BRDA:279,11,1,-
DA:280,0
FN:284,PoolUtils.getPoolCount
FNDA:0,PoolUtils.getPoolCount
DA:285,0
FNF:25
FNH:0
LF:94
LH:0
BRF:24
BRH:0
end_of_record
TN:
SF:contracts/SDCollateral.sol
FN:27,SDCollateral.initialize
FNDA:1,SDCollateral.initialize
DA:28,1
DA:29,1
DA:31,1
DA:32,1
DA:34,1
DA:35,1
DA:37,1
FN:44,SDCollateral.depositSDAsCollateral
FNDA:1537,SDCollateral.depositSDAsCollateral
DA:45,1537
DA:47,1537
DA:48,1537
DA:50,1537
BRDA:50,0,0,-
BRDA:50,0,1,1281
DA:51,0
DA:54,1281
FN:61,SDCollateral.withdraw
FNDA:768,SDCollateral.withdraw
DA:62,768
DA:63,768
DA:65,768
BRDA:65,1,0,256
BRDA:65,1,1,256
DA:66,256
DA:69,256
DA:70,256
DA:73,256
BRDA:73,2,0,-
BRDA:73,2,1,256
DA:74,0
DA:77,256
FN:83,SDCollateral.slashValidatorSD
FNDA:261,SDCollateral.slashValidatorSD
DA:84,261
DA:85,5
DA:86,4
DA:87,4
DA:88,4
FN:95,SDCollateral.slashSD
FNDA:4,SDCollateral.slashSD
DA:96,4
DA:97,4
DA:98,4
BRDA:98,3,0,1
BRDA:98,3,1,3
DA:99,1
DA:101,3
DA:102,3
DA:103,3
DA:104,2
FN:109,SDCollateral.maxApproveSD
FNDA:1,SDCollateral.maxApproveSD
DA:110,1
DA:111,1
FN:115,SDCollateral.updateStaderConfig
FNDA:3,SDCollateral.updateStaderConfig
DA:116,2
DA:117,2
BRDA:117,4,0,1
BRDA:117,4,1,1
DA:118,1
DA:120,1
DA:121,1
FN:124,SDCollateral.updatePoolThreshold
FNDA:2050,SDCollateral.updatePoolThreshold
DA:131,2050
DA:132,1794
BRDA:132,5,0,512
BRDA:132,5,1,1282
DA:133,512
DA:136,1282
DA:143,1282
FN:149,SDCollateral.getOperatorWithdrawThreshold
FNDA:512,SDCollateral.getOperatorWithdrawThreshold
DA:150,1280
DA:151,1280
DA:152,1024
DA:153,1024
FN:160,SDCollateral.hasEnoughSDCollateral
FNDA:256,SDCollateral.hasEnoughSDCollateral
DA:165,256
FN:171,SDCollateral.getMinimumSDToBond
FNDA:1,SDCollateral.getMinimumSDToBond
DA:177,769
DA:178,513
DA:180,513
DA:181,513
FN:188,SDCollateral.getRemainingSDToBond
FNDA:512,SDCollateral.getRemainingSDToBond
DA:193,768
DA:194,768
DA:195,512
FN:198,SDCollateral.getRewardEligibleSD
FNDA:256,SDCollateral.getRewardEligibleSD
DA:199,256
DA:201,256
DA:202,256
DA:204,256
DA:205,256
DA:206,256
DA:207,256
FN:210,SDCollateral.convertSDToETH
FNDA:256,SDCollateral.convertSDToETH
DA:211,256
DA:212,256
FN:215,SDCollateral.convertETHToSD
FNDA:1024,SDCollateral.convertETHToSD
DA:216,3077
DA:217,3077
FN:222,SDCollateral.getOperatorInfo
FNDA:1536,SDCollateral.getOperatorInfo
DA:231,1536
DA:232,1536
DA:233,1536
DA:234,1536
DA:235,1536
FN:243,SDCollateral.isPoolThresholdValid
FNDA:2310,SDCollateral.isPoolThresholdValid
DA:244,2310
BRDA:244,6,0,513
BRDA:244,6,1,1797
DA:245,513
FNF:17
FNH:17
LF:77
LH:75
BRF:14
BRH:12
end_of_record
TN:
SF:contracts/SocializingPool.sol
FN:39,SocializingPool.initialize
FNDA:0,SocializingPool.initialize
DA:40,0
DA:41,0
DA:43,0
DA:44,0
DA:45,0
DA:47,0
DA:48,0
DA:50,0
FN:61,SocializingPool.handleRewards
FNDA:0,SocializingPool.handleRewards
DA:62,0
DA:64,0
BRDA:64,0,0,-
BRDA:64,0,1,-
DA:65,0
DA:68,0
BRDA:67,1,0,-
BRDA:67,1,1,-
DA:71,0
DA:74,0
BRDA:73,2,0,-
BRDA:73,2,1,-
DA:77,0
DA:80,0
DA:81,0
DA:82,0
DA:84,0
DA:85,0
DA:87,0
DA:91,0
DA:92,0
BRDA:92,3,0,-
BRDA:92,3,1,-
DA:93,0
DA:96,0
DA:103,0
DA:104,0
FN:107,SocializingPool.claim
FNDA:0,SocializingPool.claim
DA:113,0
DA:114,0
DA:116,0
DA:118,0
DA:119,0
BRDA:119,4,0,-
BRDA:119,4,1,-
DA:120,0
DA:121,0
DA:122,0
BRDA:122,5,0,-
BRDA:122,5,1,-
DA:123,0
DA:127,0
BRDA:127,6,0,-
BRDA:127,6,1,-
DA:128,0
DA:129,0
BRDA:129,7,0,-
BRDA:129,7,1,-
DA:130,0
DA:134,0
FN:137,SocializingPool._claim
FNDA:0,SocializingPool._claim
DA:144,0
DA:145,0
DA:146,0
BRDA:146,8,0,-
BRDA:146,8,1,-
DA:147,0
DA:149,0
BRDA:149,9,0,-
BRDA:149,9,1,-
DA:150,0
DA:153,0
DA:154,0
DA:155,0
DA:157,0
BRDA:157,10,0,-
BRDA:157,10,1,-
DA:158,0
FN:163,SocializingPool.verifyProof
FNDA:0,SocializingPool.verifyProof
DA:170,0
BRDA:170,11,0,-
BRDA:170,11,1,-
DA:171,0
DA:173,0
DA:174,0
DA:175,0
FN:179,SocializingPool.updateStaderConfig
FNDA:0,SocializingPool.updateStaderConfig
DA:180,0
DA:181,0
DA:182,0
FN:187,SocializingPool.getCurrentRewardsIndex
FNDA:0,SocializingPool.getCurrentRewardsIndex
DA:188,0
FN:191,SocializingPool.getRewardDetails
FNDA:0,SocializingPool.getRewardDetails
DA:201,0
DA:202,0
FN:206,SocializingPool.getRewardCycleDetails
FNDA:0,SocializingPool.getRewardCycleDetails
DA:207,0
BRDA:207,12,0,-
BRDA:207,12,1,-
DA:208,0
DA:210,0
DA:212,0
BRDA:212,13,0,-
BRDA:212,13,1,-
DA:213,0
DA:217,0
DA:218,0
DA:221,0
BRDA:221,14,0,-
BRDA:221,14,1,-
DA:222,0
BRDA:222,15,0,-
BRDA:222,15,1,-
DA:223,0
DA:225,0
FNF:9
FNH:0
LF:74
LH:0
BRF:32
BRH:0
end_of_record
TN:
SF:contracts/StaderConfig.sol
FN:77,StaderConfig.initialize
FNDA:0,StaderConfig.initialize
DA:78,0
DA:79,0
DA:80,0
DA:81,0
DA:82,0
DA:83,0
DA:84,0
DA:85,0
DA:86,0
DA:87,0
DA:88,0
DA:89,0
DA:90,0
DA:91,0
DA:92,0
DA:93,0
FN:98,StaderConfig.updateSocializingPoolCycleDuration
FNDA:0,StaderConfig.updateSocializingPoolCycleDuration
DA:99,0
FN:102,StaderConfig.updateSocializingPoolOptInCoolingPeriod
FNDA:256,StaderConfig.updateSocializingPoolOptInCoolingPeriod
DA:106,256
FN:109,StaderConfig.updateRewardsThreshold
FNDA:0,StaderConfig.updateRewardsThreshold
DA:110,0
FN:117,StaderConfig.updateMinDepositAmount
FNDA:0,StaderConfig.updateMinDepositAmount
DA:118,0
DA:119,0
FN:126,StaderConfig.updateMaxDepositAmount
FNDA:0,StaderConfig.updateMaxDepositAmount
DA:127,0
DA:128,0
FN:135,StaderConfig.updateMinWithdrawAmount
FNDA:0,StaderConfig.updateMinWithdrawAmount
DA:136,0
DA:137,0
FN:144,StaderConfig.updateMaxWithdrawAmount
FNDA:0,StaderConfig.updateMaxWithdrawAmount
DA:145,0
DA:146,0
FN:149,StaderConfig.updateMinBlockDelayToFinalizeWithdrawRequest
FNDA:0,StaderConfig.updateMinBlockDelayToFinalizeWithdrawRequest
DA:153,0
FN:161,StaderConfig.updateWithdrawnKeysBatchSize
FNDA:0,StaderConfig.updateWithdrawnKeysBatchSize
DA:162,0
FN:167,StaderConfig.updateAdmin
FNDA:0,StaderConfig.updateAdmin
DA:168,0
DA:170,0
DA:171,0
DA:173,0
FN:176,StaderConfig.updateStaderTreasury
FNDA:512,StaderConfig.updateStaderTreasury
DA:177,512
FN:182,StaderConfig.updatePoolUtils
FNDA:0,StaderConfig.updatePoolUtils
DA:183,0
FN:186,StaderConfig.updatePoolSelector
FNDA:0,StaderConfig.updatePoolSelector
DA:187,0
FN:190,StaderConfig.updateSDCollateral
FNDA:0,StaderConfig.updateSDCollateral
DA:191,0
FN:194,StaderConfig.updateTokenDropBox
FNDA:0,StaderConfig.updateTokenDropBox
DA:195,0
FN:198,StaderConfig.updateVaultFactory
FNDA:0,StaderConfig.updateVaultFactory
DA:199,0
FN:202,StaderConfig.updateAuctionContract
FNDA:0,StaderConfig.updateAuctionContract
DA:203,0
FN:206,StaderConfig.updateStaderOracle
FNDA:0,StaderConfig.updateStaderOracle
DA:207,0
FN:210,StaderConfig.updatePenaltyContract
FNDA:0,StaderConfig.updatePenaltyContract
DA:211,0
FN:214,StaderConfig.updatePermissionedPool
FNDA:256,StaderConfig.updatePermissionedPool
DA:215,256
FN:218,StaderConfig.updateStakePoolManager
FNDA:512,StaderConfig.updateStakePoolManager
DA:219,512
FN:222,StaderConfig.updatePermissionlessPool
FNDA:0,StaderConfig.updatePermissionlessPool
DA:223,0
FN:226,StaderConfig.updateUserWithdrawManager
FNDA:0,StaderConfig.updateUserWithdrawManager
DA:227,0
FN:230,StaderConfig.updateStaderInsuranceFund
FNDA:0,StaderConfig.updateStaderInsuranceFund
DA:231,0
FN:234,StaderConfig.updatePermissionedNodeRegistry
FNDA:0,StaderConfig.updatePermissionedNodeRegistry
DA:235,0
FN:238,StaderConfig.updatePermissionlessNodeRegistry
FNDA:0,StaderConfig.updatePermissionlessNodeRegistry
DA:242,0
FN:245,StaderConfig.updatePermissionedSocializingPool
FNDA:0,StaderConfig.updatePermissionedSocializingPool
DA:249,0
FN:252,StaderConfig.updatePermissionlessSocializingPool
FNDA:0,StaderConfig.updatePermissionlessSocializingPool
DA:256,0
FN:259,StaderConfig.updateStaderToken
FNDA:0,StaderConfig.updateStaderToken
DA:260,0
FN:263,StaderConfig.updateETHxToken
FNDA:0,StaderConfig.updateETHxToken
DA:264,0
FN:269,StaderConfig.getStakedEthPerNode
FNDA:512,StaderConfig.getStakedEthPerNode
DA:270,512
FN:273,StaderConfig.getPreDepositSize
FNDA:513,StaderConfig.getPreDepositSize
DA:274,513
FN:277,StaderConfig.getFullDepositSize
FNDA:0,StaderConfig.getFullDepositSize
DA:278,0
FN:281,StaderConfig.getDecimals
FNDA:3333,StaderConfig.getDecimals
DA:282,3333
FN:285,StaderConfig.getTotalFee
FNDA:1024,StaderConfig.getTotalFee
DA:286,1024
FN:289,StaderConfig.getOperatorMaxNameLength
FNDA:0,StaderConfig.getOperatorMaxNameLength
DA:290,0
FN:295,StaderConfig.getSocializingPoolCycleDuration
FNDA:0,StaderConfig.getSocializingPoolCycleDuration
DA:296,0
FN:299,StaderConfig.getSocializingPoolOptInCoolingPeriod
FNDA:512,StaderConfig.getSocializingPoolOptInCoolingPeriod
DA:300,512
FN:303,StaderConfig.getRewardsThreshold
FNDA:0,StaderConfig.getRewardsThreshold
DA:304,0
FN:307,StaderConfig.getMinDepositAmount
FNDA:0,StaderConfig.getMinDepositAmount
DA:308,0
FN:311,StaderConfig.getMaxDepositAmount
FNDA:0,StaderConfig.getMaxDepositAmount
DA:312,0
FN:315,StaderConfig.getMinWithdrawAmount
FNDA:0,StaderConfig.getMinWithdrawAmount
DA:316,0
FN:319,StaderConfig.getMaxWithdrawAmount
FNDA:0,StaderConfig.getMaxWithdrawAmount
DA:320,0
FN:323,StaderConfig.getMinBlockDelayToFinalizeWithdrawRequest
FNDA:0,StaderConfig.getMinBlockDelayToFinalizeWithdrawRequest
DA:324,0
FN:327,StaderConfig.getWithdrawnKeyBatchSize
FNDA:0,StaderConfig.getWithdrawnKeyBatchSize
DA:328,0
FN:333,StaderConfig.getAdmin
FNDA:5896,StaderConfig.getAdmin
DA:334,5896
FN:337,StaderConfig.getStaderTreasury
FNDA:768,StaderConfig.getStaderTreasury
DA:338,768
FN:343,StaderConfig.getPoolUtils
FNDA:9493,StaderConfig.getPoolUtils
DA:344,9493
FN:347,StaderConfig.getPoolSelector
FNDA:1,StaderConfig.getPoolSelector
DA:348,1
FN:351,StaderConfig.getSDCollateral
FNDA:514,StaderConfig.getSDCollateral
DA:352,514
FN:355,StaderConfig.getTokenDropBox
FNDA:256,StaderConfig.getTokenDropBox
DA:356,256
FN:359,StaderConfig.getVaultFactory
FNDA:5383,StaderConfig.getVaultFactory
DA:360,5383
FN:363,StaderConfig.getStaderOracle
FNDA:3336,StaderConfig.getStaderOracle
DA:364,3336
FN:367,StaderConfig.getAuctionContract
FNDA:7,StaderConfig.getAuctionContract
DA:368,7
FN:371,StaderConfig.getPenaltyContract
FNDA:0,StaderConfig.getPenaltyContract
DA:372,0
FN:375,StaderConfig.getPermissionedPool
FNDA:138,StaderConfig.getPermissionedPool
DA:376,138
FN:379,StaderConfig.getStakePoolManager
FNDA:768,StaderConfig.getStakePoolManager
DA:380,768
FN:383,StaderConfig.getETHDepositContract
FNDA:0,StaderConfig.getETHDepositContract
DA:384,0
FN:387,StaderConfig.getPermissionlessPool
FNDA:769,StaderConfig.getPermissionlessPool
DA:388,769
FN:391,StaderConfig.getUserWithdrawManager
FNDA:0,StaderConfig.getUserWithdrawManager
DA:392,0
FN:395,StaderConfig.getStaderInsuranceFund
FNDA:0,StaderConfig.getStaderInsuranceFund
DA:396,0
FN:399,StaderConfig.getPermissionedNodeRegistry
FNDA:0,StaderConfig.getPermissionedNodeRegistry
DA:400,0
FN:403,StaderConfig.getPermissionlessNodeRegistry
FNDA:0,StaderConfig.getPermissionlessNodeRegistry
DA:404,0
FN:407,StaderConfig.getPermissionedSocializingPool
FNDA:0,StaderConfig.getPermissionedSocializingPool
DA:408,0
FN:411,StaderConfig.getPermissionlessSocializingPool
FNDA:1030,StaderConfig.getPermissionlessSocializingPool
DA:412,1030
FN:417,StaderConfig.getStaderToken
FNDA:5638,StaderConfig.getStaderToken
DA:418,5638
FN:421,StaderConfig.getETHxToken
FNDA:1,StaderConfig.getETHxToken
DA:422,1
FN:426,StaderConfig.setConstant
FNDA:0,StaderConfig.setConstant
DA:427,0
DA:428,0
FN:431,StaderConfig.setVariable
FNDA:256,StaderConfig.setVariable
DA:432,256
DA:433,256
FN:436,StaderConfig.setAccount
FNDA:512,StaderConfig.setAccount
DA:437,512
DA:438,512
DA:439,512
FN:442,StaderConfig.setContract
FNDA:768,StaderConfig.setContract
DA:443,768
DA:444,768
DA:445,768
FN:448,StaderConfig.setToken
FNDA:0,StaderConfig.setToken
DA:449,0
DA:450,0
DA:451,0
FN:455,StaderConfig.onlyStaderContract
FNDA:1930,StaderConfig.onlyStaderContract
DA:456,1930
FN:459,StaderConfig.onlyManagerRole
FNDA:7946,StaderConfig.onlyManagerRole
DA:460,7946
FN:463,StaderConfig.onlyOperatorRole
FNDA:1024,StaderConfig.onlyOperatorRole
DA:464,1024
FN:467,StaderConfig.verifyDepositAndWithdrawLimits
FNDA:0,StaderConfig.verifyDepositAndWithdrawLimits
DA:469,0
BRDA:468,0,0,-
BRDA:468,0,1,-
DA:476,0
FNF:77
FNH:30
LF:108
LH:35
BRF:2
BRH:0
end_of_record
TN:
SF:contracts/StaderInsuranceFund.sol
FN:26,StaderInsuranceFund.initialize
FNDA:1,StaderInsuranceFund.initialize
DA:27,1
DA:28,1
DA:29,1
DA:30,1
DA:31,1
DA:32,1
FN:36,StaderInsuranceFund.depositFund
FNDA:768,StaderInsuranceFund.depositFund
DA:37,768
FN:41,StaderInsuranceFund.withdrawFund
FNDA:512,StaderInsuranceFund.withdrawFund
DA:42,512
DA:43,256
BRDA:43,0,0,106
BRDA:43,0,1,150
DA:44,106
DA:48,150
DA:49,150
BRDA:49,1,0,-
BRDA:49,1,1,150
DA:50,0
DA:52,150
FN:60,StaderInsuranceFund.reimburseUserFund
FNDA:512,StaderInsuranceFund.reimburseUserFund
DA:61,512
DA:62,256
BRDA:62,2,0,118
BRDA:62,2,1,138
DA:63,118
DA:65,138
FN:69,StaderInsuranceFund.updateStaderConfig
FNDA:512,StaderInsuranceFund.updateStaderConfig
DA:70,256
DA:71,256
DA:72,256
FNF:5
FNH:5
LF:21
LH:20
BRF:6
BRH:5
end_of_record
TN:
SF:contracts/StaderOracle.sol
FN:53,StaderOracle.initialize
FNDA:0,StaderOracle.initialize
DA:54,0
DA:55,0
DA:57,0
DA:58,0
DA:59,0
DA:60,0
DA:61,0
DA:62,0
FN:66,StaderOracle.addTrustedNode
FNDA:0,StaderOracle.addTrustedNode
DA:67,0
DA:68,0
DA:69,0
BRDA:69,0,0,-
BRDA:69,0,1,-
DA:70,0
DA:72,0
DA:73,0
DA:75,0
FN:79,StaderOracle.removeTrustedNode
FNDA:0,StaderOracle.removeTrustedNode
DA:80,0
DA:81,0
DA:82,0
BRDA:82,1,0,-
BRDA:82,1,1,-
DA:83,0
DA:85,0
DA:86,0
DA:88,0
FN:92,StaderOracle.submitBalances
FNDA:0,StaderOracle.submitBalances
DA:93,0
BRDA:93,2,0,-
BRDA:93,2,1,-
DA:94,0
DA:96,0
BRDA:96,3,0,-
BRDA:96,3,1,-
DA:97,0
DA:99,0
BRDA:99,4,0,-
BRDA:99,4,1,-
DA:100,0
DA:104,0
DA:113,0
DA:121,0
DA:123,0
DA:133,0
BRDA:132,5,0,-
BRDA:132,5,1,-
DA:136,0
DA:139,0
FN:155,StaderOracle.submitSocializingRewardsMerkleRoot
FNDA:0,StaderOracle.submitSocializingRewardsMerkleRoot
DA:162,0
BRDA:162,6,0,-
BRDA:162,6,1,-
DA:163,0
DA:165,0
BRDA:165,7,0,-
BRDA:165,7,1,-
DA:166,0
DA:168,0
BRDA:168,8,0,-
BRDA:168,8,1,-
DA:169,0
DA:173,0
DA:185,0
DA:198,0
DA:206,0
DA:208,0
BRDA:208,9,0,-
BRDA:208,9,1,-
DA:209,0
DA:212,0
DA:214,0
FN:223,StaderOracle.submitSDPrice
FNDA:0,StaderOracle.submitSDPrice
DA:224,0
BRDA:224,10,0,-
BRDA:224,10,1,-
DA:225,0
DA:227,0
BRDA:227,11,0,-
BRDA:227,11,1,-
DA:228,0
DA:230,0
BRDA:230,12,0,-
BRDA:230,12,1,-
DA:231,0
DA:235,0
DA:236,0
DA:237,0
DA:238,0
DA:240,0
DA:243,0
BRDA:243,13,0,-
BRDA:243,13,1,-
DA:244,0
DA:245,0
DA:246,0
DA:247,0
DA:248,0
DA:249,0
DA:253,0
FN:257,StaderOracle.insertSDPrice
FNDA:0,StaderOracle.insertSDPrice
DA:258,0
DA:259,0
BRDA:259,14,0,-
BRDA:259,14,1,-
DA:261,0
DA:262,0
DA:263,0
DA:264,0
DA:266,0
FN:269,StaderOracle.getMedianValue
FNDA:0,StaderOracle.getMedianValue
DA:270,0
DA:271,0
FN:275,StaderOracle.submitValidatorStats
FNDA:0,StaderOracle.submitValidatorStats
DA:281,0
BRDA:281,15,0,-
BRDA:281,15,1,-
DA:282,0
DA:284,0
BRDA:284,16,0,-
BRDA:284,16,1,-
DA:285,0
DA:289,0
DA:301,0
DA:313,0
DA:315,0
DA:328,0
BRDA:327,17,0,-
BRDA:327,17,1,-
DA:331,0
DA:334,0
FN:348,StaderOracle.submitWithdrawnValidators
FNDA:0,StaderOracle.submitWithdrawnValidators
DA:355,0
BRDA:355,18,0,-
BRDA:355,18,1,-
DA:356,0
DA:358,0
BRDA:358,19,0,-
BRDA:358,19,1,-
DA:359,0
DA:362,0
DA:364,0
DA:372,0
DA:380,0
DA:382,0
DA:391,0
BRDA:390,20,0,-
BRDA:390,20,1,-
DA:394,0
DA:395,0
DA:398,0
FN:408,StaderOracle.submitMissedAttestationPenalties
FNDA:0,StaderOracle.submitMissedAttestationPenalties
DA:414,0
BRDA:414,21,0,-
BRDA:414,21,1,-
DA:415,0
DA:417,0
BRDA:417,22,0,-
BRDA:417,22,1,-
DA:418,0
DA:420,0
BRDA:420,23,0,-
BRDA:420,23,1,-
DA:421,0
DA:424,0
DA:427,0
DA:428,0
DA:429,0
DA:432,0
DA:440,0
BRDA:440,24,0,-
BRDA:440,24,1,-
DA:441,0
DA:442,0
DA:443,0
DA:444,0
DA:445,0
DA:447,0
FN:452,StaderOracle.enableSafeMode
FNDA:0,StaderOracle.enableSafeMode
DA:453,0
DA:454,0
DA:455,0
FN:458,StaderOracle.disableSafeMode
FNDA:0,StaderOracle.disableSafeMode
DA:459,0
DA:460,0
FN:464,StaderOracle.updateStaderConfig
FNDA:0,StaderOracle.updateStaderConfig
DA:465,0
DA:466,0
DA:467,0
FN:470,StaderOracle.setERUpdateFrequency
FNDA:0,StaderOracle.setERUpdateFrequency
DA:471,0
DA:472,0
BRDA:472,25,0,-
BRDA:472,25,1,-
DA:473,0
DA:475,0
FN:478,StaderOracle.setSDPriceUpdateFrequency
FNDA:0,StaderOracle.setSDPriceUpdateFrequency
DA:479,0
DA:480,0
FN:483,StaderOracle.setValidatorStatsUpdateFrequency
FNDA:0,StaderOracle.setValidatorStatsUpdateFrequency
DA:484,0
DA:485,0
FN:488,StaderOracle.setWithdrawnValidatorsUpdateFrequency
FNDA:0,StaderOracle.setWithdrawnValidatorsUpdateFrequency
DA:489,0
DA:490,0
FN:493,StaderOracle.setMissedAttestationPenaltyUpdateFrequency
FNDA:0,StaderOracle.setMissedAttestationPenaltyUpdateFrequency
DA:494,0
DA:495,0
FN:498,StaderOracle.setUpdateFrequency
FNDA:0,StaderOracle.setUpdateFrequency
DA:499,0
BRDA:499,26,0,-
BRDA:499,26,1,-
DA:500,0
DA:502,0
BRDA:502,27,0,-
BRDA:502,27,1,-
DA:503,0
DA:505,0
DA:507,0
FN:510,StaderOracle.getERReportableBlock
FNDA:0,StaderOracle.getERReportableBlock
DA:511,0
FN:514,StaderOracle.getMerkleRootReportableBlockByPoolId
FNDA:0,StaderOracle.getMerkleRootReportableBlockByPoolId
DA:515,0
DA:518,0
FN:521,StaderOracle.getSDPriceReportableBlock
FNDA:0,StaderOracle.getSDPriceReportableBlock
DA:522,0
FN:525,StaderOracle.getValidatorStatsReportableBlock
FNDA:0,StaderOracle.getValidatorStatsReportableBlock
DA:526,0
FN:529,StaderOracle.getWithdrawnValidatorReportableBlock
FNDA:0,StaderOracle.getWithdrawnValidatorReportableBlock
DA:530,0
FN:533,StaderOracle.getMissedAttestationPenaltyReportableBlock
FNDA:0,StaderOracle.getMissedAttestationPenaltyReportableBlock
DA:534,0
FN:537,StaderOracle.getReportableBlockFor
FNDA:0,StaderOracle.getReportableBlockFor
DA:538,0
DA:539,0
BRDA:539,28,0,-
BRDA:539,28,1,-
DA:540,0
DA:542,0
FN:545,StaderOracle.getCurrentRewardsIndexByPoolId
FNDA:0,StaderOracle.getCurrentRewardsIndexByPoolId
DA:546,0
FN:551,StaderOracle.getValidatorStats
FNDA:0,StaderOracle.getValidatorStats
DA:552,0
FN:555,StaderOracle.getExchangeRate
FNDA:0,StaderOracle.getExchangeRate
DA:556,0
FN:559,StaderOracle.attestSubmission
FNDA:0,StaderOracle.attestSubmission
DA:564,0
BRDA:564,29,0,-
BRDA:564,29,1,-
DA:565,0
DA:567,0
DA:568,0
DA:569,0
FN:572,StaderOracle.getSDPriceInETH
FNDA:0,StaderOracle.getSDPriceInETH
DA:573,0
FNF:32
FNH:0
LF:165
LH:0
BRF:60
BRH:0
end_of_record
TN:
SF:contracts/StaderStakePoolsManager.sol
FN:50,StaderStakePoolsManager.initialize
FNDA:0,StaderStakePoolsManager.initialize
DA:51,0
DA:52,0
DA:53,0
DA:54,0
DA:55,0
DA:56,0
DA:57,0
DA:58,0
DA:59,0
FN:63,StaderStakePoolsManager.
FNDA:0,StaderStakePoolsManager.
DA:64,0
FN:73,StaderStakePoolsManager.receiveExecutionLayerRewards
FNDA:0,StaderStakePoolsManager.receiveExecutionLayerRewards
DA:74,0
FN:78,StaderStakePoolsManager.receiveWithdrawVaultUserShare
FNDA:0,StaderStakePoolsManager.receiveWithdrawVaultUserShare
DA:79,0
FN:82,StaderStakePoolsManager.receiveEthFromAuction
FNDA:0,StaderStakePoolsManager.receiveEthFromAuction
DA:83,0
FN:90,StaderStakePoolsManager.receiveExcessEthFromPool
FNDA:0,StaderStakePoolsManager.receiveExcessEthFromPool
DA:91,0
FN:99,StaderStakePoolsManager.transferETHToUserWithdrawManager
FNDA:0,StaderStakePoolsManager.transferETHToUserWithdrawManager
DA:100,0
DA:102,0
DA:103,0
BRDA:103,0,0,-
BRDA:103,0,1,-
DA:104,0
DA:106,0
FN:109,StaderStakePoolsManager.updateExcessETHDepositCoolDown
FNDA:0,StaderStakePoolsManager.updateExcessETHDepositCoolDown
DA:110,0
DA:111,0
DA:112,0
FN:116,StaderStakePoolsManager.updateStaderConfig
FNDA:0,StaderStakePoolsManager.updateStaderConfig
DA:117,0
DA:118,0
DA:119,0
FN:125,StaderStakePoolsManager.getExchangeRate
FNDA:0,StaderStakePoolsManager.getExchangeRate
DA:126,0
DA:127,0
DA:128,0
DA:130,0
BRDA:130,1,0,-
BRDA:130,1,1,-
DA:131,0
DA:133,0
FN:137,StaderStakePoolsManager.totalAssets
FNDA:0,StaderStakePoolsManager.totalAssets
DA:138,0
FN:142,StaderStakePoolsManager.convertToShares
FNDA:0,StaderStakePoolsManager.convertToShares
DA:143,0
FN:147,StaderStakePoolsManager.convertToAssets
FNDA:0,StaderStakePoolsManager.convertToAssets
DA:148,0
FN:152,StaderStakePoolsManager.maxDeposit
FNDA:0,StaderStakePoolsManager.maxDeposit
DA:153,0
FN:156,StaderStakePoolsManager.minDeposit
FNDA:0,StaderStakePoolsManager.minDeposit
DA:157,0
FN:161,StaderStakePoolsManager.previewDeposit
FNDA:0,StaderStakePoolsManager.previewDeposit
DA:162,0
FN:166,StaderStakePoolsManager.previewWithdraw
FNDA:0,StaderStakePoolsManager.previewWithdraw
DA:167,0
FN:171,StaderStakePoolsManager.deposit
FNDA:0,StaderStakePoolsManager.deposit
DA:172,0
DA:173,0
BRDA:173,2,0,-
BRDA:173,2,1,-
DA:174,0
DA:176,0
DA:177,0
DA:178,0
FN:185,StaderStakePoolsManager.validatorBatchDeposit
FNDA:0,StaderStakePoolsManager.validatorBatchDeposit
DA:186,0
DA:187,0
BRDA:187,3,0,-
BRDA:187,3,1,-
DA:188,0
DA:190,0
DA:194,0
DA:196,0
BRDA:196,4,0,-
BRDA:196,4,1,-
DA:197,0
DA:199,0
DA:204,0
BRDA:204,5,0,-
BRDA:204,5,1,-
DA:205,0
DA:207,0
DA:209,0
DA:210,0
FN:217,StaderStakePoolsManager.depositETHOverTargetWeight
FNDA:0,StaderStakePoolsManager.depositETHOverTargetWeight
DA:218,0
BRDA:218,6,0,-
BRDA:218,6,1,-
DA:219,0
DA:221,0
DA:222,0
DA:226,0
BRDA:226,7,0,-
BRDA:226,7,1,-
DA:227,0
DA:229,0
DA:233,0
DA:234,0
DA:235,0
DA:236,0
BRDA:236,8,0,-
BRDA:236,8,1,-
DA:237,0
DA:239,0
DA:240,0
DA:243,0
DA:245,0
DA:246,0
FN:254,StaderStakePoolsManager.pause
FNDA:0,StaderStakePoolsManager.pause
DA:255,0
DA:256,0
FN:263,StaderStakePoolsManager.unpause
FNDA:0,StaderStakePoolsManager.unpause
DA:264,0
FN:273,StaderStakePoolsManager._convertToShares
FNDA:0,StaderStakePoolsManager._convertToShares
DA:274,0
DA:275,0
FN:286,StaderStakePoolsManager.initialConvertToShares
FNDA:0,StaderStakePoolsManager.initialConvertToShares
DA:290,0
FN:296,StaderStakePoolsManager._convertToAssets
FNDA:0,StaderStakePoolsManager._convertToAssets
DA:297,0
DA:298,0
FN:307,StaderStakePoolsManager.initialConvertToAssets
FNDA:0,StaderStakePoolsManager.initialConvertToAssets
DA:311,0
FN:317,StaderStakePoolsManager._deposit
FNDA:0,StaderStakePoolsManager._deposit
DA:323,0
DA:324,0
FN:330,StaderStakePoolsManager.isVaultHealthy
FNDA:0,StaderStakePoolsManager.isVaultHealthy
DA:331,0
FNF:28
FNH:0
LF:86
LH:0
BRF:18
BRH:0
end_of_record
TN:
SF:contracts/TokenDropBox.sol
FN:17,TokenDropBox.initialize
FNDA:1,TokenDropBox.initialize
DA:18,1
DA:19,1
DA:21,1
DA:22,1
DA:24,1
DA:26,1
DA:27,1
FN:30,TokenDropBox.depositEthFor
FNDA:256,TokenDropBox.depositEthFor
DA:31,256
DA:33,256
FN:36,TokenDropBox.claimEth
FNDA:256,TokenDropBox.claimEth
DA:37,256
DA:38,256
DA:39,256
DA:41,256
DA:42,256
DA:43,256
FNF:3
FNH:3
LF:15
LH:15
BRF:0
BRH:0
end_of_record
TN:
SF:contracts/UserWithdrawalManager.sol
FN:54,UserWithdrawalManager.initialize
FNDA:0,UserWithdrawalManager.initialize
DA:55,0
DA:56,0
DA:57,0
DA:58,0
DA:59,0
DA:60,0
DA:61,0
DA:62,0
DA:63,0
DA:64,0
DA:65,0
FN:77,UserWithdrawalManager.updateFinalizationBatchLimit
FNDA:0,UserWithdrawalManager.updateFinalizationBatchLimit
DA:78,0
DA:79,0
DA:80,0
FN:84,UserWithdrawalManager.updateStaderConfig
FNDA:0,UserWithdrawalManager.updateStaderConfig
DA:85,0
DA:86,0
DA:87,0
FN:95,UserWithdrawalManager.requestWithdraw
FNDA:0,UserWithdrawalManager.requestWithdraw
DA:96,0
BRDA:96,0,0,-
BRDA:96,0,1,-
DA:97,0
DA:98,0
BRDA:98,1,0,-
BRDA:98,1,1,-
DA:99,0
DA:101,0
BRDA:101,2,0,-
BRDA:101,2,1,-
DA:102,0
DA:104,0
DA:105,0
DA:106,0
DA:107,0
DA:108,0
DA:109,0
DA:110,0
FN:117,UserWithdrawalManager.finalizeUserWithdrawalRequest
FNDA:0,UserWithdrawalManager.finalizeUserWithdrawalRequest
DA:118,0
BRDA:118,3,0,-
BRDA:118,3,1,-
DA:119,0
DA:121,0
BRDA:121,4,0,-
BRDA:121,4,1,-
DA:122,0
DA:124,0
DA:125,0
DA:126,0
DA:127,0
DA:128,0
DA:129,0
DA:130,0
DA:131,0
DA:132,0
DA:133,0
DA:134,0
DA:135,0
DA:136,0
DA:138,0
BRDA:137,5,0,-
BRDA:137,5,1,-
DA:142,0
DA:144,0
DA:145,0
DA:146,0
DA:147,0
DA:150,0
BRDA:150,6,0,-
BRDA:150,6,1,-
DA:151,0
DA:152,0
DA:153,0
DA:154,0
FN:162,UserWithdrawalManager.claim
FNDA:0,UserWithdrawalManager.claim
DA:163,0
BRDA:163,7,0,-
BRDA:163,7,1,-
DA:164,0
DA:166,0
DA:167,0
BRDA:167,8,0,-
BRDA:167,8,1,-
DA:168,0
DA:171,0
BRDA:171,9,0,-
BRDA:171,9,1,-
DA:172,0
DA:174,0
DA:175,0
DA:176,0
DA:177,0
FN:181,UserWithdrawalManager.getRequestIdsByUser
FNDA:0,UserWithdrawalManager.getRequestIdsByUser
DA:182,0
FN:189,UserWithdrawalManager.pause
FNDA:0,UserWithdrawalManager.pause
DA:190,0
DA:191,0
FN:198,UserWithdrawalManager.unpause
FNDA:0,UserWithdrawalManager.unpause
DA:199,0
FN:203,UserWithdrawalManager.deleteRequestId
FNDA:0,UserWithdrawalManager.deleteRequestId
DA:204,0
DA:205,0
DA:206,0
DA:207,0
DA:208,0
BRDA:208,10,0,-
BRDA:208,10,1,-
DA:209,0
DA:210,0
DA:211,0
DA:214,0
FN:217,UserWithdrawalManager.sendValue
FNDA:0,UserWithdrawalManager.sendValue
DA:218,0
BRDA:218,11,0,-
BRDA:218,11,1,-
DA:219,0
DA:223,0
DA:224,0
BRDA:224,12,0,-
BRDA:224,12,1,-
DA:225,0
FNF:11
FNH:0
LF:87
LH:0
BRF:26
BRH:0
end_of_record
TN:
SF:contracts/ValidatorWithdrawalVault.sol
FN:37,ValidatorWithdrawalVault.initialize
FNDA:1025,ValidatorWithdrawalVault.initialize
DA:42,1025
DA:44,1025
DA:45,1025
DA:47,1025
DA:48,1025
DA:49,1025
DA:50,1025
FN:58,ValidatorWithdrawalVault.distributeRewards
FNDA:0,ValidatorWithdrawalVault.distributeRewards
DA:59,0
DA:60,0
BRDA:60,0,0,-
BRDA:60,0,1,-
DA:61,0
DA:62,0
DA:64,0
BRDA:64,1,0,-
BRDA:64,1,1,-
DA:65,0
DA:67,0
DA:71,0
DA:72,0
DA:73,0
DA:74,0
FN:77,ValidatorWithdrawalVault.settleFunds
FNDA:0,ValidatorWithdrawalVault.settleFunds
DA:78,0
DA:79,0
BRDA:79,2,0,-
BRDA:79,2,1,-
DA:80,0
DA:82,0
DA:84,0
DA:86,0
BRDA:86,3,0,-
BRDA:86,3,1,-
DA:87,0
DA:88,0
DA:91,0
DA:92,0
DA:95,0
DA:96,0
DA:97,0
DA:98,0
DA:99,0
DA:100,0
FN:103,ValidatorWithdrawalVault.calculateValidatorWithdrawalShare
FNDA:0,ValidatorWithdrawalVault.calculateValidatorWithdrawalShare
DA:112,0
DA:113,0
DA:114,0
DA:115,0
DA:117,0
DA:119,0
BRDA:119,4,0,-
BRDA:119,4,1,-
DA:120,0
DA:121,0
DA:122,0
BRDA:122,5,0,-
BRDA:122,5,1,-
DA:123,0
DA:124,0
DA:125,0
DA:127,0
DA:128,0
DA:129,0
DA:131,0
BRDA:131,6,0,-
BRDA:131,6,1,-
DA:132,0
DA:135,0
DA:136,0
DA:137,0
FN:142,ValidatorWithdrawalVault.updateStaderConfig
FNDA:0,ValidatorWithdrawalVault.updateStaderConfig
DA:143,0
DA:144,0
DA:145,0
FN:150,ValidatorWithdrawalVault.getCollateralETH
FNDA:0,ValidatorWithdrawalVault.getCollateralETH
DA:151,0
FN:154,ValidatorWithdrawalVault.getOperatorAddress
FNDA:0,ValidatorWithdrawalVault.getOperatorAddress
DA:155,0
FN:158,ValidatorWithdrawalVault.getUpdatedPenaltyAmount
FNDA:0,ValidatorWithdrawalVault.getUpdatedPenaltyAmount
DA:159,0
DA:160,0
DA:161,0
DA:162,0
DA:163,0
DA:164,0
FN:167,ValidatorWithdrawalVault.isWithdrawnValidator
FNDA:0,ValidatorWithdrawalVault.isWithdrawnValidator
DA:168,0
DA:169,0
DA:170,0
FNF:9
FNH:1
LF:68
LH:7
BRF:14
BRH:0
end_of_record
TN:
SF:contracts/factory/VaultFactory.sol
FN:27,VaultFactory.initialize
FNDA:0,VaultFactory.initialize
DA:28,0
DA:29,0
DA:30,0
DA:32,0
DA:33,0
DA:34,0
DA:36,0
FN:39,VaultFactory.deployWithdrawVault
FNDA:1025,VaultFactory.deployWithdrawVault
DA:45,1025
DA:46,1025
DA:47,1025
DA:48,1025
DA:54,1025
DA:55,1025
FN:58,VaultFactory.deployNodeELRewardVault
FNDA:4870,VaultFactory.deployNodeELRewardVault
DA:64,4870
DA:65,4870
DA:66,4870
DA:67,4870
DA:69,4870
DA:70,4870
FN:73,VaultFactory.computeWithdrawVaultAddress
FNDA:0,VaultFactory.computeWithdrawVaultAddress
DA:78,0
DA:79,0
FN:82,VaultFactory.computeNodeELRewardVaultAddress
FNDA:256,VaultFactory.computeNodeELRewardVaultAddress
DA:88,256
DA:89,256
FN:92,VaultFactory.getValidatorWithdrawCredential
FNDA:0,VaultFactory.getValidatorWithdrawCredential
DA:93,0
FN:97,VaultFactory.updateStaderConfig
FNDA:0,VaultFactory.updateStaderConfig
DA:98,0
DA:99,0
DA:100,0
FNF:7
FNH:3
LF:27
LH:14
BRF:0
BRH:0
end_of_record
TN:
SF:contracts/library/UtilLib.sol
FN:21,UtilLib.checkNonZeroAddress
FNDA:14369,UtilLib.checkNonZeroAddress
DA:22,14369
BRDA:22,0,0,512
BRDA:22,0,1,13857
FN:26,UtilLib.onlyManagerRole
FNDA:7940,UtilLib.onlyManagerRole
DA:27,7940
BRDA:27,1,0,2560
BRDA:27,1,1,5380
DA:28,2560
FN:32,UtilLib.onlyOperatorRole
FNDA:1024,UtilLib.onlyOperatorRole
DA:33,1024
BRDA:33,2,0,512
BRDA:33,2,1,512
DA:34,512
FN:39,UtilLib.onlyStaderContract
FNDA:1930,UtilLib.onlyStaderContract
DA:44,1930
BRDA:44,3,0,768
BRDA:44,3,1,1162
DA:45,768
FN:49,UtilLib.getPubkeyForValidSender
FNDA:2,UtilLib.getPubkeyForValidSender
DA:55,2
DA:56,2
DA:59,2
BRDA:59,4,0,1
BRDA:59,4,1,1
DA:60,1
DA:62,1
FN:65,UtilLib.getOperatorForValidSender
FNDA:261,UtilLib.getOperatorForValidSender
DA:71,261
DA:72,261
DA:75,261
BRDA:75,5,0,256
BRDA:75,5,1,5
DA:76,256
DA:78,5
DA:79,5
FN:82,UtilLib.onlyValidatorWithdrawVault
FNDA:0,UtilLib.onlyValidatorWithdrawVault
DA:88,0
DA:89,0
DA:90,0
BRDA:90,6,0,-
BRDA:90,6,1,-
DA:91,0
FN:95,UtilLib.getOperatorAddressByValidatorId
FNDA:0,UtilLib.getOperatorAddressByValidatorId
DA:100,0
DA:101,0
DA:102,0
DA:104,0
FN:107,UtilLib.getOperatorAddressByOperatorId
FNDA:256,UtilLib.getOperatorAddressByOperatorId
DA:112,256
DA:113,256
DA:115,256
FN:118,UtilLib.getOperatorRewardAddress
FNDA:256,UtilLib.getOperatorRewardAddress
DA:123,256
DA:124,256
DA:125,256
DA:126,256
FN:134,UtilLib.getPubkeyRoot
FNDA:262,UtilLib.getPubkeyRoot
DA:135,262
BRDA:135,7,0,254
BRDA:135,7,1,8
DA:136,254
DA:140,8
FN:143,UtilLib.getValidatorSettleStatus
FNDA:3,UtilLib.getValidatorSettleStatus
DA:148,3
DA:149,3
DA:150,3
DA:151,3
DA:152,3
FN:155,UtilLib.sendValue
FNDA:256,UtilLib.sendValue
DA:156,256
DA:157,256
BRDA:157,8,0,-
BRDA:157,8,1,256
DA:158,0
FNF:13
FNH:11
LF:44
LH:35
BRF:18
BRH:15
end_of_record
TN:
SF:test/mocks/ETHDepositMock.sol
FN:74,DepositContract.get_deposit_root
FNDA:0,DepositContract.get_deposit_root
DA:75,0
DA:76,0
DA:77,0
DA:78,0
BRDA:78,0,0,-
BRDA:78,0,1,-
DA:79,0
DA:80,0
DA:82,0
FN:85,DepositContract.get_deposit_count
FNDA:0,DepositContract.get_deposit_count
DA:86,0
FN:89,DepositContract.deposit
FNDA:0,DepositContract.deposit
DA:96,0
BRDA:96,1,0,-
BRDA:96,1,1,-
DA:97,0
BRDA:97,2,0,-
BRDA:97,2,1,-
DA:98,0
BRDA:98,3,0,-
BRDA:98,3,1,-
DA:101,0
BRDA:101,4,0,-
BRDA:101,4,1,-
DA:102,0
BRDA:102,5,0,-
BRDA:102,5,1,-
DA:103,0
DA:104,0
BRDA:104,6,0,-
BRDA:104,6,1,-
DA:107,0
DA:108,0
DA:117,0
DA:118,0
DA:124,0
DA:132,0
BRDA:132,7,0,-
BRDA:132,7,1,-
DA:138,0
BRDA:138,8,0,-
BRDA:138,8,1,-
DA:141,0
DA:142,0
DA:143,0
DA:144,0
BRDA:144,9,0,-
BRDA:144,9,1,-
DA:145,0
DA:146,0
DA:148,0
DA:149,0
DA:153,0
BRDA:153,10,0,-
BRDA:153,10,1,-
FN:156,DepositContract.supportsInterface
FNDA:0,DepositContract.supportsInterface
DA:157,0
FN:160,DepositContract.to_little_endian_64
FNDA:0,DepositContract.to_little_endian_64
DA:161,0
DA:162,0
DA:164,0
DA:165,0
DA:166,0
DA:167,0
DA:168,0
DA:169,0
DA:170,0
DA:171,0
FNF:5
FNH:0
LF:42
LH:0
BRF:22
BRH:0
end_of_record
TN:
SF:test/mocks/NodeRegistryMock.sol
FN:18,NodeRegistryMock.operatorIDByAddress
FNDA:1792,NodeRegistryMock.operatorIDByAddress
DA:19,1792
FN:22,NodeRegistryMock.getOperatorTotalKeys
FNDA:1536,NodeRegistryMock.getOperatorTotalKeys
DA:23,1536
FNF:2
FNH:2
LF:2
LH:2
BRF:0
BRH:0
end_of_record
TN:
SF:test/mocks/PenaltyMock.sol
FN:5,PenaltyMock.markValidatorSettled
FNDA:0,PenaltyMock.markValidatorSettled
FN:7,PenaltyMock.updateTotalPenaltyAmount
FNDA:0,PenaltyMock.updateTotalPenaltyAmount
FN:9,PenaltyMock.totalPenaltyAmount
FNDA:0,PenaltyMock.totalPenaltyAmount
DA:10,0
FNF:3
FNH:0
LF:1
LH:0
BRF:0
BRH:0
end_of_record
TN:
SF:test/mocks/PermissionedPoolMock.sol
FN:13,PermissionedPoolMock.receiveInsuranceFund
FNDA:138,PermissionedPoolMock.receiveInsuranceFund
DA:14,138
FNF:1
FNH:1
LF:1
LH:1
BRF:0
BRH:0
end_of_record
TN:
SF:test/mocks/PermissionlessPoolMock.sol
FN:5,PermissionlessPoolMock.preDepositOnBeaconChain
FNDA:513,PermissionlessPoolMock.preDepositOnBeaconChain
FN:12,PermissionlessPoolMock.receiveRemainingCollateralETH
FNDA:256,PermissionlessPoolMock.receiveRemainingCollateralETH
FNF:2
FNH:2
LF:0
LH:0
BRF:0
BRH:0
end_of_record
TN:
SF:test/mocks/PoolUtilsMock.sol
FN:18,PoolUtilsMock.getOperatorPoolId
FNDA:1792,PoolUtilsMock.getOperatorPoolId
DA:19,1792
FN:26,PoolUtilsMock.getNodeRegistry
FNDA:2314,PoolUtilsMock.getNodeRegistry
DA:27,2314
FN:30,PoolUtilsMock.getOperatorTotalNonTerminalKeys
FNDA:1536,PoolUtilsMock.getOperatorTotalNonTerminalKeys
DA:36,1536
FN:39,PoolUtilsMock.updateOperatorTotalNonTerminalKeys
FNDA:0,PoolUtilsMock.updateOperatorTotalNonTerminalKeys
DA:40,0
BRDA:40,0,0,-
BRDA:40,0,1,-
DA:41,0
DA:43,0
FN:47,PoolUtilsMock.calculateRewardShare
FNDA:512,PoolUtilsMock.calculateRewardShare
DA:56,512
DA:57,512
DA:58,512
DA:59,512
DA:60,512
DA:62,512
DA:64,512
DA:66,512
DA:67,512
DA:69,512
FN:72,PoolUtilsMock.getCollateralETH
FNDA:0,PoolUtilsMock.getCollateralETH
DA:73,512
BRDA:73,1,0,-
BRDA:73,1,1,512
DA:74,512
FN:77,PoolUtilsMock.getProtocolFee
FNDA:0,PoolUtilsMock.getProtocolFee
DA:78,512
FN:81,PoolUtilsMock.getOperatorFee
FNDA:0,PoolUtilsMock.getOperatorFee
DA:82,512
FNF:8
FNH:4
LF:20
LH:17
BRF:4
BRH:1
end_of_record
TN:
SF:test/mocks/PoolUtilsMockForDepositFlow.sol
FN:20,PoolUtilsMockForDepositFlow.getOperatorPoolId
FNDA:0,PoolUtilsMockForDepositFlow.getOperatorPoolId
DA:21,0
FN:24,PoolUtilsMockForDepositFlow.getNodeRegistry
FNDA:0,PoolUtilsMockForDepositFlow.getNodeRegistry
DA:25,0
FN:28,PoolUtilsMockForDepositFlow.getCollateralETH
FNDA:0,PoolUtilsMockForDepositFlow.getCollateralETH
DA:29,0
FN:32,PoolUtilsMockForDepositFlow.isExistingPubkey
FNDA:0,PoolUtilsMockForDepositFlow.isExistingPubkey
DA:33,0
FN:36,PoolUtilsMockForDepositFlow.isExistingOperator
FNDA:4870,PoolUtilsMockForDepositFlow.isExistingOperator
DA:37,0
FN:40,PoolUtilsMockForDepositFlow.onlyValidName
FNDA:6150,PoolUtilsMockForDepositFlow.onlyValidName
DA:41,6150
BRDA:41,0,0,256
BRDA:41,0,1,5894
DA:42,256
DA:44,5894
BRDA:44,1,0,-
BRDA:44,1,1,5894
DA:45,0
FN:49,PoolUtilsMockForDepositFlow.onlyValidKeys
FNDA:1025,PoolUtilsMockForDepositFlow.onlyValidKeys
DA:54,1025
BRDA:54,2,0,-
BRDA:54,2,1,1025
DA:55,0
DA:57,1025
BRDA:57,3,0,-
BRDA:57,3,1,1025
DA:58,0
DA:60,1025
BRDA:60,4,0,-
BRDA:60,4,1,1025
DA:61,0
DA:63,1025
BRDA:63,5,0,-
BRDA:63,5,1,1025
DA:64,0
FN:68,PoolUtilsMockForDepositFlow.calculateRewardShare
FNDA:0,PoolUtilsMockForDepositFlow.calculateRewardShare
DA:77,0
FNF:8
FNH:3
LF:18
LH:7
BRF:12
BRH:7
end_of_record
TN:
SF:test/mocks/SDCollateralMock.sol
FN:5,SDCollateralMock.hasEnoughSDCollateral
FNDA:513,SDCollateralMock.hasEnoughSDCollateral
DA:10,513
FNF:1
FNH:1
LF:1
LH:1
BRF:0
BRH:0
end_of_record
TN:
SF:test/mocks/StaderInsuranceFundMock.sol
FN:5,StaderInsuranceFundMock.depositFund
FNDA:0,StaderInsuranceFundMock.depositFund
FNF:1
FNH:0
LF:0
LH:0
BRF:0
BRH:0
end_of_record
TN:
SF:test/mocks/StaderOracleMock.sol
FN:5,StaderOracleMock.getSDPriceInETH
FNDA:3333,StaderOracleMock.getSDPriceInETH
DA:6,3333
FNF:1
FNH:1
LF:1
LH:1
BRF:0
BRH:0
end_of_record
TN:
SF:test/mocks/StaderTokenMock.sol
FN:16,StaderTokenMock._afterTokenTransfer
FNDA:5380,StaderTokenMock._afterTokenTransfer
DA:21,5380
FN:24,StaderTokenMock._mint
FNDA:0,StaderTokenMock._mint
DA:25,0
FN:28,StaderTokenMock._burn
FNDA:0,StaderTokenMock._burn
DA:29,0
FNF:3
FNH:1
LF:3
LH:1
BRF:0
BRH:0
end_of_record
TN:
SF:test/mocks/StakePoolManagerMock.sol
FN:6,StakePoolManagerMock.receiveEthFromAuction
FNDA:256,StakePoolManagerMock.receiveEthFromAuction
FN:8,StakePoolManagerMock.receiveWithdrawVaultUserShare
FNDA:0,StakePoolManagerMock.receiveWithdrawVaultUserShare
FN:10,StakePoolManagerMock.receiveExecutionLayerRewards
FNDA:256,StakePoolManagerMock.receiveExecutionLayerRewards
FNF:3
FNH:2
LF:0
LH:0
BRF:0
BRH:0
end_of_record
